07/04/2019 Sun 12:30:00:/------ Begin of Script
07/04/2019 Sun 12:30:00:epsilon: 0.02 minPts: 3
07/04/2019 Sun 12:30:00:   Type.......: Point
07/04/2019 Sun 12:30:00:   Input File.: d:/Dropbox/Mestrado/repos/grid-clustering/data/ChicagoTaxi-Weekends/central/2.deviceConsolidation/points-ChicagoTaxi-Weekends.csv
07/04/2019 Sun 12:30:00:   Output File: d:/Dropbox/Mestrado/repos/grid-clustering/data/ChicagoTaxi-Weekends/central/6.resultsDBSCAN/output-points-DBSCAN-ChicagoTaxi-Weekends.csv
07/04/2019 Sun 12:30:03:   Map Matrix
07/04/2019 Sun 12:30:03:   -1, -1, 62
07/04/2019 Sun 12:30:03:   0, 0, 19906
07/04/2019 Sun 12:30:03:   1, 1, 8
07/04/2019 Sun 12:30:03:   2, 2, 4
07/04/2019 Sun 12:30:03:   3, 3, 5
07/04/2019 Sun 12:30:05:   Clusters...: 4
07/04/2019 Sun 12:33:02:   FM.........: 0.9960516032682414
07/04/2019 Sun 12:33:02:   Rand.......: 0.9921187963732343
07/04/2019 Sun 12:33:02:   Jac........: 0.9921187963732343
07/04/2019 Sun 12:33:02:End of Script ------/
07/04/2019 Sun 12:45:35:/------ Begin of Script
07/04/2019 Sun 12:45:35:epsilon: 0.015 minPts: 2
07/04/2019 Sun 12:45:35:   Type.......: Point
07/04/2019 Sun 12:45:35:   Input File.: d:/Dropbox/Mestrado/repos/grid-clustering/data/ChicagoTaxi-Weekends/central/2.deviceConsolidation/points-ChicagoTaxi-Weekends.csv
07/04/2019 Sun 12:45:35:   Output File: d:/Dropbox/Mestrado/repos/grid-clustering/data/ChicagoTaxi-Weekends/central/6.resultsDBSCAN/output-points-DBSCAN-ChicagoTaxi-Weekends.csv
07/04/2019 Sun 12:45:38:   Map Matrix
07/04/2019 Sun 12:45:38:   -1, -1, 58
07/04/2019 Sun 12:45:38:   0, 0, 19875
07/04/2019 Sun 12:45:38:   1, 1, 6
07/04/2019 Sun 12:45:38:   2, 2, 2
07/04/2019 Sun 12:45:38:   3, 3, 2
07/04/2019 Sun 12:45:38:   4, 4, 2
07/04/2019 Sun 12:45:38:   5, 5, 2
07/04/2019 Sun 12:45:38:   6, 6, 2
07/04/2019 Sun 12:45:38:   7, 7, 3
07/04/2019 Sun 12:45:38:   8, 8, 8
07/04/2019 Sun 12:45:38:   9, 9, 2
07/04/2019 Sun 12:45:38:   10, 10, 2
07/04/2019 Sun 12:45:38:   11, 11, 2
07/04/2019 Sun 12:45:38:   12, 12, 2
07/04/2019 Sun 12:45:38:   13, 13, 2
07/04/2019 Sun 12:45:38:   14, 14, 4
07/04/2019 Sun 12:45:38:   15, 15, 4
07/04/2019 Sun 12:45:38:   16, 16, 3
07/04/2019 Sun 12:45:38:   17, 17, 2
07/04/2019 Sun 12:45:38:   18, 18, 2
07/04/2019 Sun 12:45:39:   Clusters...: 19
07/04/2019 Sun 12:45:50:/------ Begin of Script
07/04/2019 Sun 12:45:50:epsilon: 0.02 minPts: 3
07/04/2019 Sun 12:45:50:   Type.......: Point
07/04/2019 Sun 12:45:50:   Input File.: d:/Dropbox/Mestrado/repos/grid-clustering/data/ChicagoTaxi-Weekends/central/2.deviceConsolidation/points-ChicagoTaxi-Weekends.csv
07/04/2019 Sun 12:45:50:   Output File: d:/Dropbox/Mestrado/repos/grid-clustering/data/ChicagoTaxi-Weekends/central/6.resultsDBSCAN/output-points-DBSCAN-ChicagoTaxi-Weekends.csv
07/04/2019 Sun 12:45:53:   Map Matrix
07/04/2019 Sun 12:45:53:   -1, -1, 62
07/04/2019 Sun 12:45:53:   0, 0, 19906
07/04/2019 Sun 12:45:53:   1, 1, 8
07/04/2019 Sun 12:45:53:   2, 2, 4
07/04/2019 Sun 12:45:53:   3, 3, 5
07/04/2019 Sun 12:45:54:   Clusters...: 4
07/04/2019 Sun 12:46:03:/------ Begin of Script
07/04/2019 Sun 12:46:03:epsilon: 0.02 minPts: 2
07/04/2019 Sun 12:46:03:   Type.......: Point
07/04/2019 Sun 12:46:03:   Input File.: d:/Dropbox/Mestrado/repos/grid-clustering/data/ChicagoTaxi-Weekends/central/2.deviceConsolidation/points-ChicagoTaxi-Weekends.csv
07/04/2019 Sun 12:46:03:   Output File: d:/Dropbox/Mestrado/repos/grid-clustering/data/ChicagoTaxi-Weekends/central/6.resultsDBSCAN/output-points-DBSCAN-ChicagoTaxi-Weekends.csv
07/04/2019 Sun 12:46:06:   Map Matrix
07/04/2019 Sun 12:46:06:   -1, -1, 42
07/04/2019 Sun 12:46:06:   0, 0, 19906
07/04/2019 Sun 12:46:06:   1, 1, 8
07/04/2019 Sun 12:46:06:   2, 2, 2
07/04/2019 Sun 12:46:06:   3, 3, 2
07/04/2019 Sun 12:46:06:   4, 4, 2
07/04/2019 Sun 12:46:06:   5, 5, 2
07/04/2019 Sun 12:46:06:   6, 6, 2
07/04/2019 Sun 12:46:06:   7, 7, 2
07/04/2019 Sun 12:46:06:   8, 8, 2
07/04/2019 Sun 12:46:06:   9, 9, 4
07/04/2019 Sun 12:46:06:   10, 10, 5
07/04/2019 Sun 12:46:06:   11, 11, 2
07/04/2019 Sun 12:46:06:   12, 12, 2
07/04/2019 Sun 12:46:06:   13, 13, 2
07/04/2019 Sun 12:46:07:   Clusters...: 14
07/04/2019 Sun 12:49:33:/------ Begin of Script
07/04/2019 Sun 12:49:33:epsilon: 0.02 minPts: 3
07/04/2019 Sun 12:49:33:   Type.......: Point
07/04/2019 Sun 12:49:33:   Input File.: d:/Dropbox/Mestrado/repos/grid-clustering/data/ChicagoTaxi-Weekends/central/2.deviceConsolidation/points-ChicagoTaxi-Weekends.csv
07/04/2019 Sun 12:49:33:   Output File: d:/Dropbox/Mestrado/repos/grid-clustering/data/ChicagoTaxi-Weekends/central/6.resultsDBSCAN/output-points-DBSCAN-ChicagoTaxi-Weekends.csv
07/04/2019 Sun 12:49:36:   Map Matrix
07/04/2019 Sun 12:49:36:   -1, -1, 62
07/04/2019 Sun 12:49:36:   0, 0, 19906
07/04/2019 Sun 12:49:36:   1, 1, 8
07/04/2019 Sun 12:49:36:   2, 2, 4
07/04/2019 Sun 12:49:36:   3, 3, 5
07/04/2019 Sun 12:49:37:   Clusters...: 4
07/04/2019 Sun 12:49:48:/------ Begin of Script
07/04/2019 Sun 12:49:48:epsilon: 0.02 minPts: 2
07/04/2019 Sun 12:49:48:   Type.......: Point
07/04/2019 Sun 12:49:48:   Input File.: d:/Dropbox/Mestrado/repos/grid-clustering/data/ChicagoTaxi-Weekends/central/2.deviceConsolidation/points-ChicagoTaxi-Weekends.csv
07/04/2019 Sun 12:49:48:   Output File: d:/Dropbox/Mestrado/repos/grid-clustering/data/ChicagoTaxi-Weekends/central/6.resultsDBSCAN/output-points-DBSCAN-ChicagoTaxi-Weekends.csv
07/04/2019 Sun 12:49:52:   Map Matrix
07/04/2019 Sun 12:49:52:   -1, -1, 42
07/04/2019 Sun 12:49:52:   0, 0, 19906
07/04/2019 Sun 12:49:52:   1, 1, 8
07/04/2019 Sun 12:49:52:   2, 2, 2
07/04/2019 Sun 12:49:52:   3, 3, 2
07/04/2019 Sun 12:49:52:   4, 4, 2
07/04/2019 Sun 12:49:52:   5, 5, 2
07/04/2019 Sun 12:49:52:   6, 6, 2
07/04/2019 Sun 12:49:52:   7, 7, 2
07/04/2019 Sun 12:49:52:   8, 8, 2
07/04/2019 Sun 12:49:52:   9, 9, 4
07/04/2019 Sun 12:49:52:   10, 10, 5
07/04/2019 Sun 12:49:52:   11, 11, 2
07/04/2019 Sun 12:49:52:   12, 12, 2
07/04/2019 Sun 12:49:52:   13, 13, 2
07/04/2019 Sun 12:49:53:   Clusters...: 14
07/04/2019 Sun 12:50:02:/------ Begin of Script
07/04/2019 Sun 12:50:02:epsilon: 0.025 minPts: 3
07/04/2019 Sun 12:50:02:   Type.......: Point
07/04/2019 Sun 12:50:02:   Input File.: d:/Dropbox/Mestrado/repos/grid-clustering/data/ChicagoTaxi-Weekends/central/2.deviceConsolidation/points-ChicagoTaxi-Weekends.csv
07/04/2019 Sun 12:50:02:   Output File: d:/Dropbox/Mestrado/repos/grid-clustering/data/ChicagoTaxi-Weekends/central/6.resultsDBSCAN/output-points-DBSCAN-ChicagoTaxi-Weekends.csv
07/04/2019 Sun 12:52:30:/------ Begin of Script
07/04/2019 Sun 12:52:30:epsilon: 0.02 minPts: 3
07/04/2019 Sun 12:52:30:   Type.......: Point
07/04/2019 Sun 12:52:30:   Input File.: d:/Dropbox/Mestrado/repos/grid-clustering/data/ChicagoTaxi-Weekends/central/2.deviceConsolidation/points-ChicagoTaxi-Weekends.csv
07/04/2019 Sun 12:52:30:   Output File: d:/Dropbox/Mestrado/repos/grid-clustering/data/ChicagoTaxi-Weekends/central/6.resultsDBSCAN/output-points-DBSCAN-ChicagoTaxi-Weekends.csv
07/04/2019 Sun 12:52:33:   Map Matrix
07/04/2019 Sun 12:52:33:   -1, -1, 62
07/04/2019 Sun 12:52:33:   0, 0, 19906
07/04/2019 Sun 12:52:33:   1, 1, 8
07/04/2019 Sun 12:52:33:   2, 2, 4
07/04/2019 Sun 12:52:33:   3, 3, 5
07/04/2019 Sun 12:52:34:   Clusters...: 4
07/04/2019 Sun 12:52:44:/------ Begin of Script
07/04/2019 Sun 12:52:44:epsilon: 0.03 minPts: 3
07/04/2019 Sun 12:52:44:   Type.......: Point
07/04/2019 Sun 12:52:44:   Input File.: d:/Dropbox/Mestrado/repos/grid-clustering/data/ChicagoTaxi-Weekends/central/2.deviceConsolidation/points-ChicagoTaxi-Weekends.csv
07/04/2019 Sun 12:52:44:   Output File: d:/Dropbox/Mestrado/repos/grid-clustering/data/ChicagoTaxi-Weekends/central/6.resultsDBSCAN/output-points-DBSCAN-ChicagoTaxi-Weekends.csv
07/04/2019 Sun 12:52:48:   Map Matrix
07/04/2019 Sun 12:52:48:   -1, -1, 33
07/04/2019 Sun 12:52:48:   0, 0, 19937
07/04/2019 Sun 12:52:48:   1, 1, 4
07/04/2019 Sun 12:52:48:   2, 2, 3
07/04/2019 Sun 12:52:48:   3, 3, 4
07/04/2019 Sun 12:52:48:   4, 4, 4
07/04/2019 Sun 12:52:49:   Clusters...: 5
07/04/2019 Sun 12:55:02:/------ Begin of Script
07/04/2019 Sun 12:55:02:epsilon: 0.03 minPts: 2
07/04/2019 Sun 12:55:02:   Type.......: Point
07/04/2019 Sun 12:55:02:   Input File.: d:/Dropbox/Mestrado/repos/grid-clustering/data/ChicagoTaxi-Weekends/central/2.deviceConsolidation/points-ChicagoTaxi-Weekends.csv
07/04/2019 Sun 12:55:02:   Output File: d:/Dropbox/Mestrado/repos/grid-clustering/data/ChicagoTaxi-Weekends/central/6.resultsDBSCAN/output-points-DBSCAN-ChicagoTaxi-Weekends.csv
07/04/2019 Sun 12:55:06:   Map Matrix
07/04/2019 Sun 12:55:06:   -1, -1, 29
07/04/2019 Sun 12:55:06:   0, 0, 19937
07/04/2019 Sun 12:55:06:   1, 1, 2
07/04/2019 Sun 12:55:06:   2, 2, 4
07/04/2019 Sun 12:55:06:   3, 3, 3
07/04/2019 Sun 12:55:06:   4, 4, 4
07/04/2019 Sun 12:55:06:   5, 5, 2
07/04/2019 Sun 12:55:06:   6, 6, 4
07/04/2019 Sun 12:55:08:   Clusters...: 7
07/04/2019 Sun 12:58:26:/------ Begin of Script
07/04/2019 Sun 12:58:26:epsilon: 0.03 minPts: 3
07/04/2019 Sun 12:58:26:   Type.......: Point
07/04/2019 Sun 12:58:26:   Input File.: d:/Dropbox/Mestrado/repos/grid-clustering/data/ChicagoTaxi-Weekends/central/2.deviceConsolidation/points-ChicagoTaxi-Weekends.csv
07/04/2019 Sun 12:58:26:   Output File: d:/Dropbox/Mestrado/repos/grid-clustering/data/ChicagoTaxi-Weekends/central/6.resultsDBSCAN/output-points-DBSCAN-ChicagoTaxi-Weekends.csv
07/04/2019 Sun 12:58:30:   Map Matrix
07/04/2019 Sun 12:58:30:   -1, -1, 33
07/04/2019 Sun 12:58:30:   0, 0, 19937
07/04/2019 Sun 12:58:30:   1, 1, 4
07/04/2019 Sun 12:58:30:   2, 2, 3
07/04/2019 Sun 12:58:30:   3, 3, 4
07/04/2019 Sun 12:58:30:   4, 4, 4
07/04/2019 Sun 12:58:31:   Clusters...: 5
07/04/2019 Sun 16:20:01:/------ Begin of Script
07/04/2019 Sun 16:20:01:epsilon: 0.02 minPts: 3
07/04/2019 Sun 16:20:01:   Type.......: Point
07/04/2019 Sun 16:20:01:   Input File.: d:/Dropbox/Mestrado/repos/grid-clustering/data/ChicagoTaxi-Weekends/central/2.deviceConsolidation/points-ChicagoTaxi-Weekends.csv
07/04/2019 Sun 16:20:01:   Output File: d:/Dropbox/Mestrado/repos/grid-clustering/data/ChicagoTaxi-Weekends/central/6.resultsDBSCAN/output-points-DBSCAN-ChicagoTaxi-Weekends.csv
07/04/2019 Sun 16:20:05:   Map Matrix
07/04/2019 Sun 16:20:05:   -1, -1, 62
07/04/2019 Sun 16:20:05:   0, 0, 19906
07/04/2019 Sun 16:20:05:   1, 1, 8
07/04/2019 Sun 16:20:05:   2, 2, 4
07/04/2019 Sun 16:20:05:   3, 3, 5
07/04/2019 Sun 16:20:06:   Clusters...: 4
07/04/2019 Sun 16:21:01:/------ Begin of Script
07/04/2019 Sun 16:21:01:epsilon: 0.025 minPts: 2
07/04/2019 Sun 16:21:01:   Type.......: Point
07/04/2019 Sun 16:21:01:   Input File.: d:/Dropbox/Mestrado/repos/grid-clustering/data/ChicagoTaxi-Weekends/central/2.deviceConsolidation/points-ChicagoTaxi-Weekends.csv
07/04/2019 Sun 16:21:01:   Output File: d:/Dropbox/Mestrado/repos/grid-clustering/data/ChicagoTaxi-Weekends/central/6.resultsDBSCAN/output-points-DBSCAN-ChicagoTaxi-Weekends.csv
07/04/2019 Sun 16:24:38:/------ Begin of Script
07/04/2019 Sun 16:24:38:epsilon: 0.02 minPts: 3
07/04/2019 Sun 16:24:38:   Type.......: Point
07/04/2019 Sun 16:24:38:   Input File.: d:/Dropbox/Mestrado/repos/grid-clustering/data/ChicagoTaxi-Weekends/central/2.deviceConsolidation/points-ChicagoTaxi-Weekends.csv
07/04/2019 Sun 16:24:38:   Output File: d:/Dropbox/Mestrado/repos/grid-clustering/data/ChicagoTaxi-Weekends/central/6.resultsDBSCAN/output-points-DBSCAN-ChicagoTaxi-Weekends.csv
07/04/2019 Sun 16:24:41:   Map Matrix
07/04/2019 Sun 16:24:41:   -1, -1, 62
07/04/2019 Sun 16:24:41:   0, 0, 19906
07/04/2019 Sun 16:24:41:   1, 1, 8
07/04/2019 Sun 16:24:41:   2, 2, 4
07/04/2019 Sun 16:24:41:   3, 3, 5
07/04/2019 Sun 16:24:42:   Clusters...: 4
07/04/2019 Sun 16:24:57:/------ Begin of Script
07/04/2019 Sun 16:24:57:epsilon: 0.02 minPts: 2
07/04/2019 Sun 16:24:57:   Type.......: Point
07/04/2019 Sun 16:24:57:   Input File.: d:/Dropbox/Mestrado/repos/grid-clustering/data/ChicagoTaxi-Weekends/central/2.deviceConsolidation/points-ChicagoTaxi-Weekends.csv
07/04/2019 Sun 16:24:57:   Output File: d:/Dropbox/Mestrado/repos/grid-clustering/data/ChicagoTaxi-Weekends/central/6.resultsDBSCAN/output-points-DBSCAN-ChicagoTaxi-Weekends.csv
07/04/2019 Sun 16:25:01:   Map Matrix
07/04/2019 Sun 16:25:01:   -1, -1, 42
07/04/2019 Sun 16:25:01:   0, 0, 19906
07/04/2019 Sun 16:25:01:   1, 1, 8
07/04/2019 Sun 16:25:01:   2, 2, 2
07/04/2019 Sun 16:25:01:   3, 3, 2
07/04/2019 Sun 16:25:01:   4, 4, 2
07/04/2019 Sun 16:25:01:   5, 5, 2
07/04/2019 Sun 16:25:01:   6, 6, 2
07/04/2019 Sun 16:25:01:   7, 7, 2
07/04/2019 Sun 16:25:01:   8, 8, 2
07/04/2019 Sun 16:25:01:   9, 9, 4
07/04/2019 Sun 16:25:01:   10, 10, 5
07/04/2019 Sun 16:25:01:   11, 11, 2
07/04/2019 Sun 16:25:01:   12, 12, 2
07/04/2019 Sun 16:25:01:   13, 13, 2
07/04/2019 Sun 16:25:02:   Clusters...: 14
07/04/2019 Sun 16:28:32:/------ Begin of Script
07/04/2019 Sun 16:28:32:epsilon: 0.02 minPts: 3
07/04/2019 Sun 16:28:32:   Type.......: Point
07/04/2019 Sun 16:28:32:   Input File.: d:/Dropbox/Mestrado/repos/grid-clustering/data/ChicagoTaxi-Weekends/central/2.deviceConsolidation/points-ChicagoTaxi-Weekends.csv
07/04/2019 Sun 16:28:32:   Output File: d:/Dropbox/Mestrado/repos/grid-clustering/data/ChicagoTaxi-Weekends/central/6.resultsDBSCAN/output-points-DBSCAN-ChicagoTaxi-Weekends.csv
07/04/2019 Sun 16:28:35:   Map Matrix
07/04/2019 Sun 16:28:35:   -1, -1, 62
07/04/2019 Sun 16:28:35:   0, 0, 19906
07/04/2019 Sun 16:28:35:   1, 1, 8
07/04/2019 Sun 16:28:35:   2, 2, 4
07/04/2019 Sun 16:28:35:   3, 3, 5
07/04/2019 Sun 16:28:36:   Clusters...: 4
07/04/2019 Sun 16:29:38:/------ Begin of Script
07/04/2019 Sun 16:29:38:epsilon: 0.018 minPts: 3
07/04/2019 Sun 16:29:38:   Type.......: Point
07/04/2019 Sun 16:29:38:   Input File.: d:/Dropbox/Mestrado/repos/grid-clustering/data/ChicagoTaxi-Weekends/central/2.deviceConsolidation/points-ChicagoTaxi-Weekends.csv
07/04/2019 Sun 16:29:38:   Output File: d:/Dropbox/Mestrado/repos/grid-clustering/data/ChicagoTaxi-Weekends/central/6.resultsDBSCAN/output-points-DBSCAN-ChicagoTaxi-Weekends.csv
07/04/2019 Sun 16:29:41:   Map Matrix
07/04/2019 Sun 16:29:41:   -1, -1, 66
07/04/2019 Sun 16:29:41:   0, 0, 19888
07/04/2019 Sun 16:29:41:   1, 1, 8
07/04/2019 Sun 16:29:41:   2, 2, 3
07/04/2019 Sun 16:29:41:   3, 3, 11
07/04/2019 Sun 16:29:41:   4, 4, 4
07/04/2019 Sun 16:29:41:   5, 5, 5
07/04/2019 Sun 16:29:42:   Clusters...: 6
07/04/2019 Sun 16:29:53:/------ Begin of Script
07/04/2019 Sun 16:29:53:epsilon: 0.019 minPts: 3
07/04/2019 Sun 16:29:53:   Type.......: Point
07/04/2019 Sun 16:29:53:   Input File.: d:/Dropbox/Mestrado/repos/grid-clustering/data/ChicagoTaxi-Weekends/central/2.deviceConsolidation/points-ChicagoTaxi-Weekends.csv
07/04/2019 Sun 16:29:53:   Output File: d:/Dropbox/Mestrado/repos/grid-clustering/data/ChicagoTaxi-Weekends/central/6.resultsDBSCAN/output-points-DBSCAN-ChicagoTaxi-Weekends.csv
07/04/2019 Sun 16:29:56:   Map Matrix
07/04/2019 Sun 16:29:56:   -1, -1, 62
07/04/2019 Sun 16:29:56:   0, 0, 19895
07/04/2019 Sun 16:29:56:   1, 1, 8
07/04/2019 Sun 16:29:56:   2, 2, 11
07/04/2019 Sun 16:29:56:   3, 3, 4
07/04/2019 Sun 16:29:56:   4, 4, 5
07/04/2019 Sun 16:29:58:   Clusters...: 5
07/04/2019 Sun 16:31:50:/------ Begin of Script
07/04/2019 Sun 16:31:50:epsilon: 0.019 minPts: 2
07/04/2019 Sun 16:31:50:   Type.......: Point
07/04/2019 Sun 16:31:50:   Input File.: d:/Dropbox/Mestrado/repos/grid-clustering/data/ChicagoTaxi-Weekends/central/2.deviceConsolidation/points-ChicagoTaxi-Weekends.csv
07/04/2019 Sun 16:31:50:   Output File: d:/Dropbox/Mestrado/repos/grid-clustering/data/ChicagoTaxi-Weekends/central/6.resultsDBSCAN/output-points-DBSCAN-ChicagoTaxi-Weekends.csv
07/04/2019 Sun 16:31:54:   Map Matrix
07/04/2019 Sun 16:31:54:   -1, -1, 42
07/04/2019 Sun 16:31:54:   0, 0, 19895
07/04/2019 Sun 16:31:54:   1, 1, 8
07/04/2019 Sun 16:31:54:   2, 2, 2
07/04/2019 Sun 16:31:54:   3, 3, 2
07/04/2019 Sun 16:31:54:   4, 4, 11
07/04/2019 Sun 16:31:54:   5, 5, 2
07/04/2019 Sun 16:31:54:   6, 6, 2
07/04/2019 Sun 16:31:54:   7, 7, 2
07/04/2019 Sun 16:31:54:   8, 8, 2
07/04/2019 Sun 16:31:54:   9, 9, 2
07/04/2019 Sun 16:31:54:   10, 10, 4
07/04/2019 Sun 16:31:54:   11, 11, 5
07/04/2019 Sun 16:31:54:   12, 12, 2
07/04/2019 Sun 16:31:54:   13, 13, 2
07/04/2019 Sun 16:31:54:   14, 14, 2
07/04/2019 Sun 16:31:55:   Clusters...: 15
07/04/2019 Sun 16:32:09:/------ Begin of Script
07/04/2019 Sun 16:32:09:epsilon: 0.02 minPts: 2
07/04/2019 Sun 16:32:09:   Type.......: Point
07/04/2019 Sun 16:32:09:   Input File.: d:/Dropbox/Mestrado/repos/grid-clustering/data/ChicagoTaxi-Weekends/central/2.deviceConsolidation/points-ChicagoTaxi-Weekends.csv
07/04/2019 Sun 16:32:09:   Output File: d:/Dropbox/Mestrado/repos/grid-clustering/data/ChicagoTaxi-Weekends/central/6.resultsDBSCAN/output-points-DBSCAN-ChicagoTaxi-Weekends.csv
07/04/2019 Sun 16:32:13:   Map Matrix
07/04/2019 Sun 16:32:13:   -1, -1, 42
07/04/2019 Sun 16:32:13:   0, 0, 19906
07/04/2019 Sun 16:32:13:   1, 1, 8
07/04/2019 Sun 16:32:13:   2, 2, 2
07/04/2019 Sun 16:32:13:   3, 3, 2
07/04/2019 Sun 16:32:13:   4, 4, 2
07/04/2019 Sun 16:32:13:   5, 5, 2
07/04/2019 Sun 16:32:13:   6, 6, 2
07/04/2019 Sun 16:32:13:   7, 7, 2
07/04/2019 Sun 16:32:13:   8, 8, 2
07/04/2019 Sun 16:32:13:   9, 9, 4
07/04/2019 Sun 16:32:13:   10, 10, 5
07/04/2019 Sun 16:32:13:   11, 11, 2
07/04/2019 Sun 16:32:13:   12, 12, 2
07/04/2019 Sun 16:32:13:   13, 13, 2
07/04/2019 Sun 16:32:14:   Clusters...: 14
07/04/2019 Sun 16:32:31:/------ Begin of Script
07/04/2019 Sun 16:32:31:epsilon: 0.018 minPts: 4
07/04/2019 Sun 16:32:31:   Type.......: Point
07/04/2019 Sun 16:32:31:   Input File.: d:/Dropbox/Mestrado/repos/grid-clustering/data/ChicagoTaxi-Weekends/central/2.deviceConsolidation/points-ChicagoTaxi-Weekends.csv
07/04/2019 Sun 16:32:31:   Output File: d:/Dropbox/Mestrado/repos/grid-clustering/data/ChicagoTaxi-Weekends/central/6.resultsDBSCAN/output-points-DBSCAN-ChicagoTaxi-Weekends.csv
07/04/2019 Sun 16:32:34:   Map Matrix
07/04/2019 Sun 16:32:34:   -1, -1, 74
07/04/2019 Sun 16:32:34:   0, 0, 19885
07/04/2019 Sun 16:32:34:   1, 1, 7
07/04/2019 Sun 16:32:34:   2, 2, 10
07/04/2019 Sun 16:32:34:   3, 3, 4
07/04/2019 Sun 16:32:34:   4, 4, 5
07/04/2019 Sun 16:32:35:   Clusters...: 5
07/04/2019 Sun 16:33:38:/------ Begin of Script
07/04/2019 Sun 16:33:38:epsilon: 0.019 minPts: 3
07/04/2019 Sun 16:33:38:   Type.......: Point
07/04/2019 Sun 16:33:38:   Input File.: d:/Dropbox/Mestrado/repos/grid-clustering/data/ChicagoTaxi-Weekends/central/2.deviceConsolidation/points-ChicagoTaxi-Weekends.csv
07/04/2019 Sun 16:33:38:   Output File: d:/Dropbox/Mestrado/repos/grid-clustering/data/ChicagoTaxi-Weekends/central/6.resultsDBSCAN/output-points-DBSCAN-ChicagoTaxi-Weekends.csv
07/04/2019 Sun 16:33:42:   Map Matrix
07/04/2019 Sun 16:33:42:   -1, -1, 62
07/04/2019 Sun 16:33:42:   0, 0, 19895
07/04/2019 Sun 16:33:42:   1, 1, 8
07/04/2019 Sun 16:33:42:   2, 2, 11
07/04/2019 Sun 16:33:42:   3, 3, 4
07/04/2019 Sun 16:33:42:   4, 4, 5
07/04/2019 Sun 16:33:43:   Clusters...: 5
07/04/2019 Sun 16:34:27:/------ Begin of Script
07/04/2019 Sun 16:34:27:epsilon: 0.019 minPts: 3
07/04/2019 Sun 16:34:27:   Type.......: Point
07/04/2019 Sun 16:34:27:   Input File.: d:/Dropbox/Mestrado/repos/grid-clustering/data/ChicagoTaxi-Weekends/central/2.deviceConsolidation/points-ChicagoTaxi-Weekends.csv
07/04/2019 Sun 16:34:27:   Output File: d:/Dropbox/Mestrado/repos/grid-clustering/data/ChicagoTaxi-Weekends/central/6.resultsDBSCAN/output-points-DBSCAN-ChicagoTaxi-Weekends.csv
07/04/2019 Sun 16:34:31:   Map Matrix
07/04/2019 Sun 16:34:31:   -1, -1, 62
07/04/2019 Sun 16:34:31:   0, 0, 19895
07/04/2019 Sun 16:34:31:   1, 1, 8
07/04/2019 Sun 16:34:31:   2, 2, 11
07/04/2019 Sun 16:34:31:   3, 3, 4
07/04/2019 Sun 16:34:31:   4, 4, 5
07/04/2019 Sun 16:34:32:   Clusters...: 5
07/04/2019 Sun 16:36:11:/------ Begin of Script
07/04/2019 Sun 16:36:11:epsilon: 0.019 minPts: 3
07/04/2019 Sun 16:36:11:   Type.......: Point
07/04/2019 Sun 16:36:11:   Input File.: d:/Dropbox/Mestrado/repos/grid-clustering/data/ChicagoTaxi-Weekends/central/2.deviceConsolidation/points-ChicagoTaxi-Weekends.csv
07/04/2019 Sun 16:36:11:   Output File: d:/Dropbox/Mestrado/repos/grid-clustering/data/ChicagoTaxi-Weekends/central/6.resultsDBSCAN/output-points-DBSCAN-ChicagoTaxi-Weekends.csv
07/04/2019 Sun 16:36:15:   Map Matrix
07/04/2019 Sun 16:36:15:   -1, -1, 62
07/04/2019 Sun 16:36:15:   0, 0, 19895
07/04/2019 Sun 16:36:15:   1, 1, 8
07/04/2019 Sun 16:36:15:   2, 2, 11
07/04/2019 Sun 16:36:15:   3, 3, 4
07/04/2019 Sun 16:36:15:   4, 4, 5
07/04/2019 Sun 16:36:16:   Clusters...: 5
07/04/2019 Sun 17:00:57:/------ Begin of Script
07/04/2019 Sun 17:00:57:epsilon: 0.025 minPts: 3
07/04/2019 Sun 17:00:57:   Type.......: Point
07/04/2019 Sun 17:00:57:   Input File.: d:/Dropbox/Mestrado/repos/grid-clustering/data/ChicagoTaxi-Weekends/central/2.deviceConsolidation/points-ChicagoTaxi-Weekends.csv
07/04/2019 Sun 17:00:57:   Output File: d:/Dropbox/Mestrado/repos/grid-clustering/data/ChicagoTaxi-Weekends/central/6.resultsDBSCAN/output-points-DBSCAN-ChicagoTaxi-Weekends.csv
07/04/2019 Sun 17:26:01:/------ Begin of Script
07/04/2019 Sun 17:26:01:epsilon: 0.019 minPts: 3
07/04/2019 Sun 17:26:01:   Type.......: Point
07/04/2019 Sun 17:26:01:   Input File.: d:/Dropbox/Mestrado/repos/grid-clustering/data/ChicagoTaxi-Weekends/central/2.deviceConsolidation/points-ChicagoTaxi-Weekends.csv
07/04/2019 Sun 17:26:01:   Output File: d:/Dropbox/Mestrado/repos/grid-clustering/data/ChicagoTaxi-Weekends/central/6.resultsDBSCAN/output-points-DBSCAN-ChicagoTaxi-Weekends.csv
07/04/2019 Sun 17:26:03:   Map Matrix
07/04/2019 Sun 17:26:03:   -1, -1, 62
07/04/2019 Sun 17:26:04:   0, 0, 19895
07/04/2019 Sun 17:26:04:   1, 1, 8
07/04/2019 Sun 17:26:04:   2, 2, 11
07/04/2019 Sun 17:26:04:   3, 3, 4
07/04/2019 Sun 17:26:04:   4, 4, 5
07/04/2019 Sun 17:26:04:   Clusters...: 5
