05/02/2018 Mon 14:15:14:/------ Begin of Script Random Sampling------
05/02/2018 Mon 14:15:14:Directory: ../data/D31
05/02/2018 Mon 14:15:14:   Input File....: ../data/D31/central/2.deviceConsolidation/points-D31.csv
05/02/2018 Mon 14:15:14:   Reduction.....: 0.9
05/02/2018 Mon 14:15:14:   Epsilon.......: 0.02
05/02/2018 Mon 14:15:14:   minPts........: 3
05/02/2018 Mon 14:15:14:   qtyExperiments: 40
05/02/2018 Mon 14:15:14:Created: 40 Experiments with 311 each 
05/02/2018 Mon 14:15:19:------ End of Script ------/
05/02/2018 Mon 14:25:44:/------ Begin of Script Random Sampling------
05/02/2018 Mon 14:25:44:Directory: ../data/D31
05/02/2018 Mon 14:25:44:   Input File....: ../data/D31/central/2.deviceConsolidation/points-D31.csv
05/02/2018 Mon 14:25:44:   Reduction.....: 0.9
05/02/2018 Mon 14:25:44:   Epsilon.......: 0.45
05/02/2018 Mon 14:25:44:   minPts........: 3
05/02/2018 Mon 14:25:44:   qtyExperiments: 40
05/02/2018 Mon 14:25:44:Created: 40 Experiments with 311 each 
05/02/2018 Mon 14:25:46:------ End of Script ------/
05/02/2018 Mon 14:27:38:/------ Begin of Script Random Sampling------
05/02/2018 Mon 14:27:38:Directory: ../data/D31
05/02/2018 Mon 14:27:38:   Input File....: ../data/D31/central/2.deviceConsolidation/points-D31.csv
05/02/2018 Mon 14:27:38:   Reduction.....: 0.9
05/02/2018 Mon 14:27:38:   Epsilon.......: 0.45
05/02/2018 Mon 14:27:38:   minPts........: 3
05/02/2018 Mon 14:27:38:   qtyExperiments: 40
05/02/2018 Mon 14:27:38:Input file with 3101 registers
05/02/2018 Mon 14:27:38:Created: 40 Experiments with 311 each 
05/02/2018 Mon 14:27:40:------ End of Script ------/
05/02/2018 Mon 14:42:54:/------ Begin of Script Random Sampling------
05/02/2018 Mon 14:42:54:Directory: ../data/D31
05/02/2018 Mon 14:42:54:   Input File....: ../data/D31/central/2.deviceConsolidation/points-D31.csv
05/02/2018 Mon 14:42:54:   Reduction.....: 0.9
05/02/2018 Mon 14:42:54:   Epsilon.......: 0.02
05/02/2018 Mon 14:42:54:   minPts........: 3
05/02/2018 Mon 14:42:54:   qtyExperiments: 40
05/02/2018 Mon 14:42:54:Input file with 3101 registers
05/02/2018 Mon 14:42:54:Created: 40 Experiments with 311 each 
05/02/2018 Mon 14:44:16:/------ Begin of Script Random Sampling------
05/02/2018 Mon 14:44:16:Directory: ../data/D31
05/02/2018 Mon 14:44:16:   Input File....: ../data/D31/central/2.deviceConsolidation/points-D31.csv
05/02/2018 Mon 14:44:16:   Reduction.....: 0.9
05/02/2018 Mon 14:44:16:   Epsilon.......: 0.02
05/02/2018 Mon 14:44:16:   minPts........: 3
05/02/2018 Mon 14:44:16:   qtyExperiments: 40
05/02/2018 Mon 14:44:16:Input file with 3101 registers
05/02/2018 Mon 14:44:16:Created: 40 Experiments with 311 each 
05/02/2018 Mon 14:45:48:/------ Begin of Script Random Sampling------
05/02/2018 Mon 14:45:48:Directory: ../data/D31
05/02/2018 Mon 14:45:48:   Input File....: ../data/D31/central/2.deviceConsolidation/points-D31.csv
05/02/2018 Mon 14:45:48:   Reduction.....: 0.9
05/02/2018 Mon 14:45:48:   Epsilon.......: 0.02
05/02/2018 Mon 14:45:48:   minPts........: 3
05/02/2018 Mon 14:45:48:   qtyExperiments: 40
05/02/2018 Mon 14:45:48:Input file with 3101 registers
05/02/2018 Mon 14:45:48:Created: 40 Experiments with 311 each 
05/02/2018 Mon 14:46:41:/------ Begin of Script Random Sampling------
05/02/2018 Mon 14:46:41:Directory: ../data/D31
05/02/2018 Mon 14:46:41:   Input File....: ../data/D31/central/2.deviceConsolidation/points-D31.csv
05/02/2018 Mon 14:46:41:   Reduction.....: 0.9
05/02/2018 Mon 14:46:41:   Epsilon.......: 0.02
05/02/2018 Mon 14:46:41:   minPts........: 3
05/02/2018 Mon 14:46:41:   qtyExperiments: 40
05/02/2018 Mon 14:46:41:Input file with 3101 registers
05/02/2018 Mon 14:46:41:Created: 40 Experiments with 311 each 
05/02/2018 Mon 14:47:14:/------ Begin of Script Random Sampling------
05/02/2018 Mon 14:47:14:Directory: ../data/D31
05/02/2018 Mon 14:47:14:   Input File....: ../data/D31/central/2.deviceConsolidation/points-D31.csv
05/02/2018 Mon 14:47:14:   Reduction.....: 0.9
05/02/2018 Mon 14:47:14:   Epsilon.......: 0.02
05/02/2018 Mon 14:47:14:   minPts........: 3
05/02/2018 Mon 14:47:14:   qtyExperiments: 40
05/02/2018 Mon 14:47:14:Input file with 3101 registers
05/02/2018 Mon 14:47:14:Created: 40 Experiments with 311 each 
05/02/2018 Mon 14:47:18:------ End of Script ------/
