05/02/2018 Mon 14:35:35:/------ Begin of Script Random Sampling------
05/02/2018 Mon 14:35:35:Directory: ../data/cluto-t4.8k
05/02/2018 Mon 14:35:35:   Input File....: ../data/cluto-t4.8k/central/2.deviceConsolidation/points-cluto-t4.8k.csv
05/02/2018 Mon 14:35:35:   Reduction.....: 0.8606
05/02/2018 Mon 14:35:35:   Epsilon.......: 0.02
05/02/2018 Mon 14:35:35:   minPts........: 20
05/02/2018 Mon 14:35:35:   qtyExperiments: 100
05/02/2018 Mon 14:35:35:Input file with 8001 registers
05/02/2018 Mon 14:35:35:Created: 100 Experiments with 1116 each 
05/02/2018 Mon 14:36:18:------ End of Script ------/
05/02/2018 Mon 14:39:55:/------ Begin of Script Random Sampling------
05/02/2018 Mon 14:39:55:Directory: ../data/cluto-t4.8k
05/02/2018 Mon 14:39:55:   Input File....: ../data/cluto-t4.8k/central/2.deviceConsolidation/points-cluto-t4.8k.csv
05/02/2018 Mon 14:39:55:   Reduction.....: 0.8606
05/02/2018 Mon 14:39:55:   Epsilon.......: 0.02
05/02/2018 Mon 14:39:55:   minPts........: 20
05/02/2018 Mon 14:39:55:   qtyExperiments: 100
05/02/2018 Mon 14:39:55:Input file with 8001 registers
05/02/2018 Mon 14:39:56:Created: 100 Experiments with 1116 each 
05/02/2018 Mon 14:40:43:/------ Begin of Script Random Sampling------
05/02/2018 Mon 14:40:43:Directory: ../data/cluto-t4.8k
05/02/2018 Mon 14:40:43:   Input File....: ../data/cluto-t4.8k/central/2.deviceConsolidation/points-cluto-t4.8k.csv
05/02/2018 Mon 14:40:43:   Reduction.....: 0.8606
05/02/2018 Mon 14:40:43:   Epsilon.......: 0.02
05/02/2018 Mon 14:40:43:   minPts........: 20
05/02/2018 Mon 14:40:43:   qtyExperiments: 100
05/02/2018 Mon 14:40:43:Input file with 8001 registers
05/02/2018 Mon 14:40:44:Created: 100 Experiments with 1116 each 
05/02/2018 Mon 14:47:37:/------ Begin of Script Random Sampling------
05/02/2018 Mon 14:47:37:Directory: ../data/cluto-t4.8k
05/02/2018 Mon 14:47:37:   Input File....: ../data/cluto-t4.8k/central/2.deviceConsolidation/points-cluto-t4.8k.csv
05/02/2018 Mon 14:47:37:   Reduction.....: 0.8606
05/02/2018 Mon 14:47:37:   Epsilon.......: 0.02
05/02/2018 Mon 14:47:37:   minPts........: 20
05/02/2018 Mon 14:47:37:   qtyExperiments: 100
05/02/2018 Mon 14:47:37:Input file with 8001 registers
05/02/2018 Mon 14:47:37:Created: 100 Experiments with 1116 each 
05/02/2018 Mon 14:48:23:------ End of Script ------/
05/02/2018 Mon 14:49:20:/------ Begin of Script Random Sampling------
05/02/2018 Mon 14:49:20:Directory: ../data/cluto-t4.8k
05/02/2018 Mon 14:49:20:   Input File....: ../data/cluto-t4.8k/central/2.deviceConsolidation/points-cluto-t4.8k.csv
05/02/2018 Mon 14:49:20:   Reduction.....: 0.8606
05/02/2018 Mon 14:49:20:   Epsilon.......: 0.02
05/02/2018 Mon 14:49:20:   minPts........: 20
05/02/2018 Mon 14:49:20:   qtyExperiments: 100
05/02/2018 Mon 14:49:20:Input file with 8001 registers
05/02/2018 Mon 14:49:20:Created: 100 Experiments with 1116 each 
05/02/2018 Mon 14:49:59:------ End of Script ------/
05/02/2018 Mon 14:50:20:/------ Begin of Script Random Sampling------
05/02/2018 Mon 14:50:20:Directory: ../data/cluto-t4.8k
05/02/2018 Mon 14:50:20:   Input File....: ../data/cluto-t4.8k/central/2.deviceConsolidation/points-cluto-t4.8k.csv
05/02/2018 Mon 14:50:20:   Reduction.....: 0.8606
05/02/2018 Mon 14:50:20:   Epsilon.......: 0.02
05/02/2018 Mon 14:50:20:   minPts........: 20
05/02/2018 Mon 14:50:20:   qtyExperiments: 100
05/02/2018 Mon 14:50:20:Input file with 8001 registers
05/02/2018 Mon 14:50:20:Created: 100 Experiments with 1116 each 
05/02/2018 Mon 14:51:06:------ End of Script ------/
