18/11/2017 Sat 00:02:52:/------ Begin of Script
18/11/2017 Sat 00:02:52:epsilon: 0.1 minPts: 10
18/11/2017 Sat 00:02:52:   Type.......: Point
18/11/2017 Sat 00:02:52:   Input File.: ../data/cluto-t8.8k/central/2.deviceConsolidation/points-cluto-t8.8k.csv
18/11/2017 Sat 00:02:52:   Output File: ../data/cluto-t8.8k/resultsDBSCAN/output-points-DBSCAN-cluto-t8.8k.csv
18/11/2017 Sat 00:02:52:   Clusters...: 8
18/11/2017 Sat 00:03:16:   FM.........: 0.6061804786232504
18/11/2017 Sat 00:03:16:End of Script ------/
18/11/2017 Sat 00:03:27:/------ Begin of Script
18/11/2017 Sat 00:03:27:epsilon: 0.1 minPts: 6
18/11/2017 Sat 00:03:27:   Type.......: Point
18/11/2017 Sat 00:03:27:   Input File.: ../data/cluto-t8.8k/central/2.deviceConsolidation/points-cluto-t8.8k.csv
18/11/2017 Sat 00:03:27:   Output File: ../data/cluto-t8.8k/resultsDBSCAN/output-points-DBSCAN-cluto-t8.8k.csv
18/11/2017 Sat 00:03:27:   Clusters...: 12
18/11/2017 Sat 00:03:37:/------ Begin of Script
18/11/2017 Sat 00:03:37:epsilon: 0.1 minPts: 9
18/11/2017 Sat 00:03:37:   Type.......: Point
18/11/2017 Sat 00:03:37:   Input File.: ../data/cluto-t8.8k/central/2.deviceConsolidation/points-cluto-t8.8k.csv
18/11/2017 Sat 00:03:37:   Output File: ../data/cluto-t8.8k/resultsDBSCAN/output-points-DBSCAN-cluto-t8.8k.csv
18/11/2017 Sat 00:03:37:   Clusters...: 9
18/11/2017 Sat 00:03:49:/------ Begin of Script
18/11/2017 Sat 00:03:49:epsilon: 0.1 minPts: 12
18/11/2017 Sat 00:03:49:   Type.......: Point
18/11/2017 Sat 00:03:49:   Input File.: ../data/cluto-t8.8k/central/2.deviceConsolidation/points-cluto-t8.8k.csv
18/11/2017 Sat 00:03:49:   Output File: ../data/cluto-t8.8k/resultsDBSCAN/output-points-DBSCAN-cluto-t8.8k.csv
18/11/2017 Sat 00:03:49:   Clusters...: 8
18/11/2017 Sat 00:04:07:   FM.........: 0.6060160986006276
18/11/2017 Sat 00:04:07:End of Script ------/
18/11/2017 Sat 00:07:43:/------ Begin of Script
18/11/2017 Sat 00:07:43:epsilon: 0.1 minPts: 12
18/11/2017 Sat 00:07:43:   Type.......: Point
18/11/2017 Sat 00:07:43:   Input File.: ../data/cluto-t8.8k/central/2.deviceConsolidation/points-cluto-t8.8k.csv
18/11/2017 Sat 00:07:43:   Output File: ../data/cluto-t8.8k/resultsDBSCAN/output-points-DBSCAN-cluto-t8.8k.csv
18/11/2017 Sat 00:08:16:/------ Begin of Script
18/11/2017 Sat 00:08:16:epsilon: 0.1 minPts: 12
18/11/2017 Sat 00:08:16:   Type.......: Point
18/11/2017 Sat 00:08:16:   Input File.: ../data/cluto-t8.8k/central/2.deviceConsolidation/points-cluto-t8.8k.csv
18/11/2017 Sat 00:08:16:   Output File: ../data/cluto-t8.8k/resultsDBSCAN/output-points-DBSCAN-cluto-t8.8k.csv
18/11/2017 Sat 00:08:16:   Clusters...: 8
18/11/2017 Sat 00:08:31:   FM.........: 0.6060160986006276
18/11/2017 Sat 00:08:31:End of Script ------/
18/11/2017 Sat 14:35:07:/------ Begin of Script
18/11/2017 Sat 14:35:07:epsilon: 0.1 minPts: 12
18/11/2017 Sat 14:35:07:   Type.......: Point
18/11/2017 Sat 14:35:07:   Input File.: ../data/cluto-t8.8k/central/2.deviceConsolidation/points-cluto-t8.8k.csv
18/11/2017 Sat 14:35:07:   Output File: ../data/cluto-t8.8k/resultsDBSCAN/output-points-DBSCAN-cluto-t8.8k.csv
18/11/2017 Sat 14:35:07:   Clusters...: 8
18/11/2017 Sat 14:35:37:   FM.........: 0.9997348332462777
18/11/2017 Sat 14:35:37:End of Script ------/
18/11/2017 Sat 14:35:52:/------ Begin of Script
18/11/2017 Sat 14:35:52:epsilon: 0.2 minPts: 40
18/11/2017 Sat 14:35:52:   Type.......: Cell
18/11/2017 Sat 14:35:52:   Input File.: ../data/cluto-t8.8k/central/4.statClusterOutput/map-cell-DBSCAN-cluto-t8.8k.csv
18/11/2017 Sat 14:35:52:   Output File: ../data/cluto-t8.8k/resultsDBSCAN/output-cells-DBSCAN-cluto-t8.8k.csv
18/11/2017 Sat 14:35:53:   Clusters...: 8
18/11/2017 Sat 14:36:22:   FM.........: 1.0
18/11/2017 Sat 14:36:22:End of Script ------/
20/11/2017 Mon 16:44:52:/------ Begin of Script
20/11/2017 Mon 16:44:52:epsilon: 0.05 minPts: 15
20/11/2017 Mon 16:44:52:   Type.......: Point
20/11/2017 Mon 16:44:52:   Input File.: ../data/cluto-t8.8k/central/2.deviceConsolidation/points-cluto-t8.8k.csv
20/11/2017 Mon 16:44:52:   Output File: ../data/cluto-t8.8k/central/6.resultsDBSCAN/output-points-DBSCAN-cluto-t8.8k.csv
20/11/2017 Mon 16:44:52:   Map Matrix
20/11/2017 Mon 16:44:52:   0, 7
20/11/2017 Mon 16:44:52:   -1, -1
20/11/2017 Mon 16:44:52:   Clusters...: 1
20/11/2017 Mon 16:45:07:/------ Begin of Script
20/11/2017 Mon 16:45:07:epsilon: 0.03 minPts: 15
20/11/2017 Mon 16:45:07:   Type.......: Point
20/11/2017 Mon 16:45:07:   Input File.: ../data/cluto-t8.8k/central/2.deviceConsolidation/points-cluto-t8.8k.csv
20/11/2017 Mon 16:45:07:   Output File: ../data/cluto-t8.8k/central/6.resultsDBSCAN/output-points-DBSCAN-cluto-t8.8k.csv
20/11/2017 Mon 16:45:07:   Map Matrix
20/11/2017 Mon 16:45:07:   0, 1
20/11/2017 Mon 16:45:07:   1, 7
20/11/2017 Mon 16:45:07:   2, 6
20/11/2017 Mon 16:45:07:   -1, -1
20/11/2017 Mon 16:45:07:   Clusters...: 3
20/11/2017 Mon 16:45:18:/------ Begin of Script
20/11/2017 Mon 16:45:18:epsilon: 0.03 minPts: 30
20/11/2017 Mon 16:45:18:   Type.......: Point
20/11/2017 Mon 16:45:18:   Input File.: ../data/cluto-t8.8k/central/2.deviceConsolidation/points-cluto-t8.8k.csv
20/11/2017 Mon 16:45:18:   Output File: ../data/cluto-t8.8k/central/6.resultsDBSCAN/output-points-DBSCAN-cluto-t8.8k.csv
20/11/2017 Mon 16:45:18:   Map Matrix
20/11/2017 Mon 16:45:18:   0, 1
20/11/2017 Mon 16:45:18:   1, 4
20/11/2017 Mon 16:45:18:   2, 5
20/11/2017 Mon 16:45:18:   3, 0
20/11/2017 Mon 16:45:18:   4, 7
20/11/2017 Mon 16:45:18:   5, 6
20/11/2017 Mon 16:45:18:   6, 5
20/11/2017 Mon 16:45:18:   7, 5
20/11/2017 Mon 16:45:18:   -1, -1
20/11/2017 Mon 16:45:18:   Clusters...: 8
20/11/2017 Mon 16:45:31:/------ Begin of Script
20/11/2017 Mon 16:45:31:epsilon: 0.03 minPts: 20
20/11/2017 Mon 16:45:31:   Type.......: Point
20/11/2017 Mon 16:45:31:   Input File.: ../data/cluto-t8.8k/central/2.deviceConsolidation/points-cluto-t8.8k.csv
20/11/2017 Mon 16:45:31:   Output File: ../data/cluto-t8.8k/central/6.resultsDBSCAN/output-points-DBSCAN-cluto-t8.8k.csv
20/11/2017 Mon 16:45:31:   Map Matrix
20/11/2017 Mon 16:45:31:   0, 1
20/11/2017 Mon 16:45:31:   1, 4
20/11/2017 Mon 16:45:31:   2, 5
20/11/2017 Mon 16:45:31:   3, 7
20/11/2017 Mon 16:45:31:   4, 3
20/11/2017 Mon 16:45:31:   5, 6
20/11/2017 Mon 16:45:31:   6, 3
20/11/2017 Mon 16:45:31:   -1, -1
20/11/2017 Mon 16:45:31:   Clusters...: 7
20/11/2017 Mon 16:45:49:/------ Begin of Script
20/11/2017 Mon 16:45:49:epsilon: 0.02 minPts: 20
20/11/2017 Mon 16:45:49:   Type.......: Point
20/11/2017 Mon 16:45:49:   Input File.: ../data/cluto-t8.8k/central/2.deviceConsolidation/points-cluto-t8.8k.csv
20/11/2017 Mon 16:45:49:   Output File: ../data/cluto-t8.8k/central/6.resultsDBSCAN/output-points-DBSCAN-cluto-t8.8k.csv
20/11/2017 Mon 16:45:49:   Map Matrix
20/11/2017 Mon 16:45:49:   0, 2
20/11/2017 Mon 16:45:49:   1, 4
20/11/2017 Mon 16:45:49:   2, 1
20/11/2017 Mon 16:45:49:   3, 7
20/11/2017 Mon 16:45:49:   4, 0
20/11/2017 Mon 16:45:49:   5, 4
20/11/2017 Mon 16:45:49:   6, 0
20/11/2017 Mon 16:45:49:   7, 4
20/11/2017 Mon 16:45:49:   8, 0
20/11/2017 Mon 16:45:49:   9, 5
20/11/2017 Mon 16:45:49:   10, 0
20/11/2017 Mon 16:45:49:   11, 5
20/11/2017 Mon 16:45:49:   12, 5
20/11/2017 Mon 16:45:49:   13, 5
20/11/2017 Mon 16:45:49:   14, 6
20/11/2017 Mon 16:45:49:   15, 6
20/11/2017 Mon 16:45:49:   16, 5
20/11/2017 Mon 16:45:49:   17, 5
20/11/2017 Mon 16:45:49:   18, 4
20/11/2017 Mon 16:45:49:   19, 5
20/11/2017 Mon 16:45:49:   20, 0
20/11/2017 Mon 16:45:49:   21, 5
20/11/2017 Mon 16:45:49:   22, 4
20/11/2017 Mon 16:45:49:   23, 4
20/11/2017 Mon 16:45:49:   24, 5
20/11/2017 Mon 16:45:49:   25, 5
20/11/2017 Mon 16:45:49:   26, 5
20/11/2017 Mon 16:45:49:   27, 5
20/11/2017 Mon 16:45:49:   28, 5
20/11/2017 Mon 16:45:49:   29, 5
20/11/2017 Mon 16:45:49:   30, 0
20/11/2017 Mon 16:45:49:   31, 5
20/11/2017 Mon 16:45:49:   32, 0
20/11/2017 Mon 16:45:49:   33, 6
20/11/2017 Mon 16:45:49:   34, 5
20/11/2017 Mon 16:45:49:   -1, -1
20/11/2017 Mon 16:45:50:   Clusters...: 35
20/11/2017 Mon 16:45:56:/------ Begin of Script
20/11/2017 Mon 16:45:56:epsilon: 0.02 minPts: 10
20/11/2017 Mon 16:45:56:   Type.......: Point
20/11/2017 Mon 16:45:56:   Input File.: ../data/cluto-t8.8k/central/2.deviceConsolidation/points-cluto-t8.8k.csv
20/11/2017 Mon 16:45:56:   Output File: ../data/cluto-t8.8k/central/6.resultsDBSCAN/output-points-DBSCAN-cluto-t8.8k.csv
20/11/2017 Mon 16:45:56:   Map Matrix
20/11/2017 Mon 16:45:56:   0, 1
20/11/2017 Mon 16:45:56:   1, 4
20/11/2017 Mon 16:45:56:   2, 5
20/11/2017 Mon 16:45:56:   3, 0
20/11/2017 Mon 16:45:56:   4, 7
20/11/2017 Mon 16:45:56:   5, 3
20/11/2017 Mon 16:45:56:   6, 6
20/11/2017 Mon 16:45:56:   7, 3
20/11/2017 Mon 16:45:56:   8, 3
20/11/2017 Mon 16:45:56:   9, 3
20/11/2017 Mon 16:45:56:   10, 3
20/11/2017 Mon 16:45:56:   11, 3
20/11/2017 Mon 16:45:56:   12, 3
20/11/2017 Mon 16:45:56:   13, 3
20/11/2017 Mon 16:45:56:   14, 3
20/11/2017 Mon 16:45:56:   15, 3
20/11/2017 Mon 16:45:56:   -1, -1
20/11/2017 Mon 16:45:56:   Clusters...: 16
20/11/2017 Mon 16:46:27:/------ Begin of Script
20/11/2017 Mon 16:46:27:epsilon: 0.018 minPts: 10
20/11/2017 Mon 16:46:27:   Type.......: Point
20/11/2017 Mon 16:46:27:   Input File.: ../data/cluto-t8.8k/central/2.deviceConsolidation/points-cluto-t8.8k.csv
20/11/2017 Mon 16:46:27:   Output File: ../data/cluto-t8.8k/central/6.resultsDBSCAN/output-points-DBSCAN-cluto-t8.8k.csv
20/11/2017 Mon 16:46:27:   Map Matrix
20/11/2017 Mon 16:46:27:   0, 1
20/11/2017 Mon 16:46:27:   1, 4
20/11/2017 Mon 16:46:27:   2, 5
20/11/2017 Mon 16:46:27:   3, 0
20/11/2017 Mon 16:46:27:   4, 7
20/11/2017 Mon 16:46:27:   5, 3
20/11/2017 Mon 16:46:27:   6, 5
20/11/2017 Mon 16:46:27:   7, 3
20/11/2017 Mon 16:46:27:   8, 6
20/11/2017 Mon 16:46:27:   9, 3
20/11/2017 Mon 16:46:27:   10, 5
20/11/2017 Mon 16:46:27:   11, 3
20/11/2017 Mon 16:46:27:   12, 5
20/11/2017 Mon 16:46:27:   13, 3
20/11/2017 Mon 16:46:27:   14, 3
20/11/2017 Mon 16:46:27:   15, 3
20/11/2017 Mon 16:46:27:   16, 3
20/11/2017 Mon 16:46:27:   17, 3
20/11/2017 Mon 16:46:27:   18, 3
20/11/2017 Mon 16:46:27:   19, 5
20/11/2017 Mon 16:46:27:   20, 3
20/11/2017 Mon 16:46:27:   21, 3
20/11/2017 Mon 16:46:27:   -1, -1
20/11/2017 Mon 16:46:28:   Clusters...: 22
20/11/2017 Mon 16:46:52:/------ Begin of Script
20/11/2017 Mon 16:46:52:epsilon: 0.015 minPts: 4
20/11/2017 Mon 16:46:52:   Type.......: Point
20/11/2017 Mon 16:46:52:   Input File.: ../data/cluto-t8.8k/central/2.deviceConsolidation/points-cluto-t8.8k.csv
20/11/2017 Mon 16:46:52:   Output File: ../data/cluto-t8.8k/central/6.resultsDBSCAN/output-points-DBSCAN-cluto-t8.8k.csv
20/11/2017 Mon 16:46:52:   Map Matrix
20/11/2017 Mon 16:46:52:   0, 1
20/11/2017 Mon 16:46:52:   1, 2
20/11/2017 Mon 16:46:52:   2, 4
20/11/2017 Mon 16:46:52:   3, 5
20/11/2017 Mon 16:46:52:   4, 0
20/11/2017 Mon 16:46:52:   5, 7
20/11/2017 Mon 16:46:52:   6, 3
20/11/2017 Mon 16:46:52:   7, 3
20/11/2017 Mon 16:46:52:   8, 6
20/11/2017 Mon 16:46:52:   9, 9
20/11/2017 Mon 16:46:52:   10, 10
20/11/2017 Mon 16:46:52:   11, 3
20/11/2017 Mon 16:46:52:   12, 3
20/11/2017 Mon 16:46:52:   13, 3
20/11/2017 Mon 16:46:52:   14, 14
20/11/2017 Mon 16:46:52:   15, 15
20/11/2017 Mon 16:46:52:   16, 3
20/11/2017 Mon 16:46:52:   17, 3
20/11/2017 Mon 16:46:52:   18, 3
20/11/2017 Mon 16:46:52:   19, 3
20/11/2017 Mon 16:46:52:   20, 20
20/11/2017 Mon 16:46:52:   21, 21
20/11/2017 Mon 16:46:52:   -1, -1
20/11/2017 Mon 16:46:52:   Clusters...: 22
20/11/2017 Mon 16:47:12:   FM.........: 0.9905537687846205
20/11/2017 Mon 16:47:12:End of Script ------/
20/11/2017 Mon 16:49:01:/------ Begin of Script
20/11/2017 Mon 16:49:01:epsilon: 0.015 minPts: 4
20/11/2017 Mon 16:49:01:   Type.......: Point
20/11/2017 Mon 16:49:01:   Input File.: ../data/cluto-t8.8k/central/2.deviceConsolidation/points-cluto-t8.8k.csv
20/11/2017 Mon 16:49:01:   Output File: ../data/cluto-t8.8k/central/6.resultsDBSCAN/output-points-DBSCAN-cluto-t8.8k.csv
20/11/2017 Mon 16:49:01:   Map Matrix
20/11/2017 Mon 16:49:13:/------ Begin of Script
20/11/2017 Mon 16:49:13:epsilon: 0.015 minPts: 4
20/11/2017 Mon 16:49:13:   Type.......: Point
20/11/2017 Mon 16:49:13:   Input File.: ../data/cluto-t8.8k/central/2.deviceConsolidation/points-cluto-t8.8k.csv
20/11/2017 Mon 16:49:13:   Output File: ../data/cluto-t8.8k/central/6.resultsDBSCAN/output-points-DBSCAN-cluto-t8.8k.csv
20/11/2017 Mon 16:49:13:   Map Matrix
20/11/2017 Mon 16:49:13:   0, 1, 1453
20/11/2017 Mon 16:49:13:   1, 2, 182
20/11/2017 Mon 16:49:13:   2, 4, 1387
20/11/2017 Mon 16:49:13:   3, 5, 1444
20/11/2017 Mon 16:49:13:   4, 0, 1108
20/11/2017 Mon 16:49:13:   5, 7, 1557
20/11/2017 Mon 16:49:13:   6, 3, 131
20/11/2017 Mon 16:49:13:   7, 3, 11
20/11/2017 Mon 16:49:13:   8, 6, 174
20/11/2017 Mon 16:49:13:   9, 9, 9
20/11/2017 Mon 16:49:13:   10, 10, 4
20/11/2017 Mon 16:49:13:   11, 3, 73
20/11/2017 Mon 16:49:13:   12, 3, 55
20/11/2017 Mon 16:49:13:   13, 3, 44
20/11/2017 Mon 16:49:13:   14, 14, 4
20/11/2017 Mon 16:49:13:   15, 15, 7
20/11/2017 Mon 16:49:13:   16, 3, 9
20/11/2017 Mon 16:49:13:   17, 3, 4
20/11/2017 Mon 16:49:13:   18, 3, 4
20/11/2017 Mon 16:49:13:   19, 3, 4
20/11/2017 Mon 16:49:13:   20, 20, 4
20/11/2017 Mon 16:49:13:   21, 21, 4
20/11/2017 Mon 16:49:13:   -1, -1, 266
20/11/2017 Mon 16:49:13:   Clusters...: 22
20/11/2017 Mon 16:49:28:   FM.........: 0.9905537687846205
20/11/2017 Mon 16:49:28:End of Script ------/
20/11/2017 Mon 16:52:46:/------ Begin of Script
20/11/2017 Mon 16:52:46:epsilon: 0.015 minPts: 4
20/11/2017 Mon 16:52:46:   Type.......: Point
20/11/2017 Mon 16:52:46:   Input File.: ../data/cluto-t8.8k/central/2.deviceConsolidation/points-cluto-t8.8k.csv
20/11/2017 Mon 16:52:46:   Output File: ../data/cluto-t8.8k/central/6.resultsDBSCAN/output-points-DBSCAN-cluto-t8.8k.csv
20/11/2017 Mon 16:52:46:   Map Matrix
20/11/2017 Mon 16:52:46:   -1, -1, 266
20/11/2017 Mon 16:52:46:   4, 0, 1108
20/11/2017 Mon 16:52:46:   0, 1, 1453
20/11/2017 Mon 16:52:46:   1, 2, 182
20/11/2017 Mon 16:52:46:   6, 3, 131
20/11/2017 Mon 16:52:46:   7, 3, 11
20/11/2017 Mon 16:52:46:   11, 3, 73
20/11/2017 Mon 16:52:46:   12, 3, 55
20/11/2017 Mon 16:52:46:   13, 3, 44
20/11/2017 Mon 16:52:46:   16, 3, 9
20/11/2017 Mon 16:52:46:   17, 3, 4
20/11/2017 Mon 16:52:46:   18, 3, 4
20/11/2017 Mon 16:52:46:   19, 3, 4
20/11/2017 Mon 16:52:46:   2, 4, 1387
20/11/2017 Mon 16:52:46:   3, 5, 1444
20/11/2017 Mon 16:52:46:   8, 6, 174
20/11/2017 Mon 16:52:46:   5, 7, 1557
20/11/2017 Mon 16:52:46:   9, 9, 9
20/11/2017 Mon 16:52:46:   10, 10, 4
20/11/2017 Mon 16:52:46:   14, 14, 4
20/11/2017 Mon 16:52:46:   15, 15, 7
20/11/2017 Mon 16:52:46:   20, 20, 4
20/11/2017 Mon 16:52:46:   21, 21, 4
20/11/2017 Mon 16:52:46:   Clusters...: 22
20/11/2017 Mon 16:56:46:/------ Begin of Script
20/11/2017 Mon 16:56:46:epsilon: 0.015 minPts: 4
20/11/2017 Mon 16:56:46:   Type.......: Point
20/11/2017 Mon 16:56:46:   Input File.: ../data/cluto-t8.8k/central/2.deviceConsolidation/points-cluto-t8.8k.csv
20/11/2017 Mon 16:56:46:   Output File: ../data/cluto-t8.8k/central/6.resultsDBSCAN/output-points-DBSCAN-cluto-t8.8k.csv
20/11/2017 Mon 16:56:46:   Map Matrix
20/11/2017 Mon 16:56:46:   -1, -1, 266
20/11/2017 Mon 16:56:46:   4, 0, 1108
20/11/2017 Mon 16:56:46:   0, 1, 1453
20/11/2017 Mon 16:56:46:   1, 2, 182
20/11/2017 Mon 16:56:46:   6, 3, 131
20/11/2017 Mon 16:56:46:   11, 3, 73
20/11/2017 Mon 16:56:46:   12, 3, 55
20/11/2017 Mon 16:56:46:   13, 3, 44
20/11/2017 Mon 16:56:46:   7, 3, 11
20/11/2017 Mon 16:56:46:   16, 3, 9
20/11/2017 Mon 16:56:46:   17, 3, 4
20/11/2017 Mon 16:56:46:   18, 3, 4
20/11/2017 Mon 16:56:46:   19, 3, 4
20/11/2017 Mon 16:56:46:   2, 4, 1387
20/11/2017 Mon 16:56:46:   3, 5, 1444
20/11/2017 Mon 16:56:46:   8, 6, 174
20/11/2017 Mon 16:56:46:   5, 7, 1557
20/11/2017 Mon 16:56:46:   9, 9, 9
20/11/2017 Mon 16:56:46:   10, 10, 4
20/11/2017 Mon 16:56:46:   14, 14, 4
20/11/2017 Mon 16:56:46:   15, 15, 7
20/11/2017 Mon 16:56:46:   20, 20, 4
20/11/2017 Mon 16:56:46:   21, 21, 4
20/11/2017 Mon 16:56:46:   Clusters...: 22
20/11/2017 Mon 17:06:18:/------ Begin of Script
20/11/2017 Mon 17:06:18:epsilon: 0.015 minPts: 4
20/11/2017 Mon 17:06:18:   Type.......: Point
20/11/2017 Mon 17:06:18:   Input File.: ../data/cluto-t8.8k/central/2.deviceConsolidation/points-cluto-t8.8k.csv
20/11/2017 Mon 17:06:18:   Output File: ../data/cluto-t8.8k/central/6.resultsDBSCAN/output-points-DBSCAN-cluto-t8.8k.csv
20/11/2017 Mon 17:06:18:   Map Matrix
20/11/2017 Mon 17:06:18:   -1, -1, 266
20/11/2017 Mon 17:06:18:   4, 0, 1108
20/11/2017 Mon 17:06:18:   0, 1, 1453
20/11/2017 Mon 17:06:18:   1, 2, 182
20/11/2017 Mon 17:06:18:   6, 3, 131
20/11/2017 Mon 17:06:18:   11, 11, 73
20/11/2017 Mon 17:06:18:   12, 12, 55
20/11/2017 Mon 17:06:18:   13, 13, 44
20/11/2017 Mon 17:06:18:   7, 7, 11
20/11/2017 Mon 17:06:18:   16, 16, 9
20/11/2017 Mon 17:06:18:   17, 17, 4
20/11/2017 Mon 17:06:18:   18, 18, 4
20/11/2017 Mon 17:06:18:   19, 19, 4
20/11/2017 Mon 17:06:18:   2, 4, 1387
20/11/2017 Mon 17:06:18:   3, 5, 1444
20/11/2017 Mon 17:06:18:   8, 6, 174
20/11/2017 Mon 17:06:18:   5, 7, 1557
20/11/2017 Mon 17:06:18:   9, 9, 9
20/11/2017 Mon 17:06:18:   10, 10, 4
20/11/2017 Mon 17:06:18:   14, 14, 4
20/11/2017 Mon 17:06:18:   15, 15, 7
20/11/2017 Mon 17:06:18:   20, 20, 4
20/11/2017 Mon 17:06:18:   21, 21, 4
20/11/2017 Mon 17:06:19:   Clusters...: 22
20/11/2017 Mon 17:06:42:   FM.........: 0.9846613318719383
20/11/2017 Mon 17:06:42:End of Script ------/
20/11/2017 Mon 17:21:51:/------ Begin of Script
20/11/2017 Mon 17:21:51:epsilon: 0.015 minPts: 4
20/11/2017 Mon 17:21:51:   Type.......: Point
20/11/2017 Mon 17:21:51:   Input File.: ../data/cluto-t8.8k/central/2.deviceConsolidation/points-cluto-t8.8k.csv
20/11/2017 Mon 17:21:51:   Output File: ../data/cluto-t8.8k/central/6.resultsDBSCAN/output-points-DBSCAN-cluto-t8.8k.csv
20/11/2017 Mon 17:21:51:   Map Matrix
20/11/2017 Mon 17:23:01:/------ Begin of Script
20/11/2017 Mon 17:23:01:epsilon: 0.015 minPts: 4
20/11/2017 Mon 17:23:01:   Type.......: Point
20/11/2017 Mon 17:23:01:   Input File.: ../data/cluto-t8.8k/central/2.deviceConsolidation/points-cluto-t8.8k.csv
20/11/2017 Mon 17:23:01:   Output File: ../data/cluto-t8.8k/central/6.resultsDBSCAN/output-points-DBSCAN-cluto-t8.8k.csv
20/11/2017 Mon 17:23:01:   Map Matrix
20/11/2017 Mon 17:23:01:   -1, -1, 266
20/11/2017 Mon 17:23:01:   4, 0, 1108
20/11/2017 Mon 17:23:01:   0, 1, 1453
20/11/2017 Mon 17:23:01:   1, 2, 182
20/11/2017 Mon 17:23:01:   6, 3, 131
20/11/2017 Mon 17:23:01:   2, 4, 1387
20/11/2017 Mon 17:23:01:   3, 5, 1444
20/11/2017 Mon 17:23:01:   8, 6, 174
20/11/2017 Mon 17:23:01:   5, 7, 1557
20/11/2017 Mon 17:23:01:   7, 7, 11
20/11/2017 Mon 17:23:01:   9, 9, 9
20/11/2017 Mon 17:23:01:   10, 10, 4
20/11/2017 Mon 17:23:01:   11, 11, 73
20/11/2017 Mon 17:23:01:   12, 12, 55
20/11/2017 Mon 17:23:01:   13, 13, 44
20/11/2017 Mon 17:23:01:   14, 14, 4
20/11/2017 Mon 17:23:01:   15, 15, 7
20/11/2017 Mon 17:23:01:   16, 16, 9
20/11/2017 Mon 17:23:01:   17, 17, 4
20/11/2017 Mon 17:23:01:   18, 18, 4
20/11/2017 Mon 17:23:01:   19, 19, 4
20/11/2017 Mon 17:23:01:   20, 20, 4
20/11/2017 Mon 17:23:01:   21, 21, 4
20/11/2017 Mon 17:23:24:/------ Begin of Script
20/11/2017 Mon 17:23:24:epsilon: 0.015 minPts: 4
20/11/2017 Mon 17:23:24:   Type.......: Point
20/11/2017 Mon 17:23:24:   Input File.: ../data/cluto-t8.8k/central/2.deviceConsolidation/points-cluto-t8.8k.csv
20/11/2017 Mon 17:23:24:   Output File: ../data/cluto-t8.8k/central/6.resultsDBSCAN/output-points-DBSCAN-cluto-t8.8k.csv
20/11/2017 Mon 17:23:24:   Map Matrix
20/11/2017 Mon 17:23:24:   -1, -1, 266
20/11/2017 Mon 17:23:24:   4, 0, 1108
20/11/2017 Mon 17:23:24:   0, 1, 1453
20/11/2017 Mon 17:23:24:   1, 2, 182
20/11/2017 Mon 17:23:24:   6, 3, 131
20/11/2017 Mon 17:23:24:   2, 4, 1387
20/11/2017 Mon 17:23:24:   3, 5, 1444
20/11/2017 Mon 17:23:24:   8, 6, 174
20/11/2017 Mon 17:23:24:   5, 7, 1557
20/11/2017 Mon 17:23:24:   7, 7, 11
20/11/2017 Mon 17:23:24:   9, 9, 9
20/11/2017 Mon 17:23:24:   10, 10, 4
20/11/2017 Mon 17:23:24:   11, 11, 73
20/11/2017 Mon 17:23:24:   12, 12, 55
20/11/2017 Mon 17:23:24:   13, 13, 44
20/11/2017 Mon 17:23:24:   14, 14, 4
20/11/2017 Mon 17:23:24:   15, 15, 7
20/11/2017 Mon 17:23:24:   16, 16, 9
20/11/2017 Mon 17:23:24:   17, 17, 4
20/11/2017 Mon 17:23:24:   18, 18, 4
20/11/2017 Mon 17:23:24:   19, 19, 4
20/11/2017 Mon 17:23:24:   20, 20, 4
20/11/2017 Mon 17:23:24:   21, 21, 4
20/11/2017 Mon 17:23:24:   Clusters...: 22
20/11/2017 Mon 17:23:42:   FM.........: 0.9846613318719383
20/11/2017 Mon 17:23:42:End of Script ------/
20/11/2017 Mon 17:24:08:/------ Begin of Script
20/11/2017 Mon 17:24:08:epsilon: 0.015 minPts: 5
20/11/2017 Mon 17:24:08:   Type.......: Point
20/11/2017 Mon 17:24:08:   Input File.: ../data/cluto-t8.8k/central/2.deviceConsolidation/points-cluto-t8.8k.csv
20/11/2017 Mon 17:24:08:   Output File: ../data/cluto-t8.8k/central/6.resultsDBSCAN/output-points-DBSCAN-cluto-t8.8k.csv
20/11/2017 Mon 17:24:08:   Map Matrix
20/11/2017 Mon 17:24:08:   -1, -1, 287
20/11/2017 Mon 17:24:08:   4, 0, 1108
20/11/2017 Mon 17:24:08:   0, 1, 1453
20/11/2017 Mon 17:24:08:   1, 2, 182
20/11/2017 Mon 17:24:08:   13, 3, 94
20/11/2017 Mon 17:24:08:   2, 4, 1387
20/11/2017 Mon 17:24:08:   3, 5, 1438
20/11/2017 Mon 17:24:08:   8, 6, 173
20/11/2017 Mon 17:24:08:   6, 6, 33
20/11/2017 Mon 17:24:08:   5, 7, 1557
20/11/2017 Mon 17:24:08:   7, 7, 11
20/11/2017 Mon 17:24:08:   9, 9, 9
20/11/2017 Mon 17:24:08:   10, 10, 23
20/11/2017 Mon 17:24:08:   11, 11, 54
20/11/2017 Mon 17:24:08:   12, 12, 41
20/11/2017 Mon 17:24:08:   14, 14, 25
20/11/2017 Mon 17:24:08:   15, 15, 7
20/11/2017 Mon 17:24:08:   16, 16, 4
20/11/2017 Mon 17:24:08:   17, 17, 16
20/11/2017 Mon 17:24:08:   18, 18, 8
20/11/2017 Mon 17:24:08:   19, 19, 4
20/11/2017 Mon 17:24:08:   Clusters...: 20
20/11/2017 Mon 17:24:33:   FM.........: 0.9830677828044097
20/11/2017 Mon 17:24:33:End of Script ------/
20/11/2017 Mon 17:24:46:/------ Begin of Script
20/11/2017 Mon 17:24:46:epsilon: 0.013 minPts: 5
20/11/2017 Mon 17:24:46:   Type.......: Point
20/11/2017 Mon 17:24:46:   Input File.: ../data/cluto-t8.8k/central/2.deviceConsolidation/points-cluto-t8.8k.csv
20/11/2017 Mon 17:24:46:   Output File: ../data/cluto-t8.8k/central/6.resultsDBSCAN/output-points-DBSCAN-cluto-t8.8k.csv
20/11/2017 Mon 17:24:46:   Map Matrix
20/11/2017 Mon 17:24:46:   -1, -1, 309
20/11/2017 Mon 17:24:46:   4, 0, 882
20/11/2017 Mon 17:24:46:   0, 1, 1450
20/11/2017 Mon 17:24:46:   1, 1, 181
20/11/2017 Mon 17:24:46:   2, 2, 182
20/11/2017 Mon 17:24:46:   14, 3, 37
20/11/2017 Mon 17:24:46:   8, 4, 1045
20/11/2017 Mon 17:24:46:   3, 5, 756
20/11/2017 Mon 17:24:46:   5, 5, 383
20/11/2017 Mon 17:24:46:   11, 6, 164
20/11/2017 Mon 17:24:46:   6, 7, 1553
20/11/2017 Mon 17:24:46:   7, 7, 154
20/11/2017 Mon 17:24:46:   9, 9, 32
20/11/2017 Mon 17:24:46:   10, 10, 195
20/11/2017 Mon 17:24:46:   12, 12, 19
20/11/2017 Mon 17:24:46:   13, 13, 21
20/11/2017 Mon 17:24:46:   15, 15, 5
20/11/2017 Mon 17:24:46:   16, 16, 17
20/11/2017 Mon 17:24:46:   17, 17, 28
20/11/2017 Mon 17:24:46:   18, 18, 18
20/11/2017 Mon 17:24:46:   19, 19, 7
20/11/2017 Mon 17:24:46:   20, 20, 37
20/11/2017 Mon 17:24:46:   21, 21, 9
20/11/2017 Mon 17:24:46:   22, 22, 8
20/11/2017 Mon 17:24:46:   23, 23, 8
20/11/2017 Mon 17:24:46:   24, 24, 10
20/11/2017 Mon 17:24:46:   25, 25, 11
20/11/2017 Mon 17:24:46:   26, 26, 8
20/11/2017 Mon 17:24:46:   27, 27, 18
20/11/2017 Mon 17:24:46:   28, 28, 53
20/11/2017 Mon 17:24:46:   29, 29, 6
20/11/2017 Mon 17:24:46:   30, 30, 7
20/11/2017 Mon 17:24:46:   31, 31, 8
20/11/2017 Mon 17:24:46:   32, 32, 7
20/11/2017 Mon 17:24:46:   33, 33, 6
20/11/2017 Mon 17:24:46:   34, 34, 14
20/11/2017 Mon 17:24:46:   35, 35, 7
20/11/2017 Mon 17:24:46:   36, 36, 18
20/11/2017 Mon 17:24:46:   37, 37, 14
20/11/2017 Mon 17:24:46:   38, 38, 7
20/11/2017 Mon 17:24:46:   39, 39, 19
20/11/2017 Mon 17:24:46:   40, 40, 5
20/11/2017 Mon 17:24:46:   41, 41, 10
20/11/2017 Mon 17:24:46:   42, 42, 10
20/11/2017 Mon 17:24:46:   43, 43, 6
20/11/2017 Mon 17:24:46:   44, 44, 4
20/11/2017 Mon 17:24:46:   45, 45, 9
20/11/2017 Mon 17:24:46:   46, 46, 5
20/11/2017 Mon 17:24:46:   47, 47, 8
20/11/2017 Mon 17:24:46:   48, 48, 7
20/11/2017 Mon 17:24:46:   49, 49, 5
20/11/2017 Mon 17:24:46:   50, 50, 5
20/11/2017 Mon 17:24:46:   51, 51, 7
20/11/2017 Mon 17:24:46:   Clusters...: 52
20/11/2017 Mon 17:25:11:   FM.........: 0.8277151529533615
20/11/2017 Mon 17:25:11:End of Script ------/
20/11/2017 Mon 17:25:28:/------ Begin of Script
20/11/2017 Mon 17:25:28:epsilon: 0.013 minPts: 3
20/11/2017 Mon 17:25:28:   Type.......: Point
20/11/2017 Mon 17:25:28:   Input File.: ../data/cluto-t8.8k/central/2.deviceConsolidation/points-cluto-t8.8k.csv
20/11/2017 Mon 17:25:28:   Output File: ../data/cluto-t8.8k/central/6.resultsDBSCAN/output-points-DBSCAN-cluto-t8.8k.csv
20/11/2017 Mon 17:25:28:   Map Matrix
20/11/2017 Mon 17:25:28:   -1, -1, 255
20/11/2017 Mon 17:25:28:   4, 0, 909
20/11/2017 Mon 17:25:28:   0, 1, 1452
20/11/2017 Mon 17:25:28:   1, 2, 181
20/11/2017 Mon 17:25:28:   21, 3, 56
20/11/2017 Mon 17:25:28:   2, 4, 1384
20/11/2017 Mon 17:25:28:   3, 5, 1379
20/11/2017 Mon 17:25:28:   9, 6, 174
20/11/2017 Mon 17:25:28:   6, 6, 35
20/11/2017 Mon 17:25:28:   5, 7, 1557
20/11/2017 Mon 17:25:28:   7, 7, 199
20/11/2017 Mon 17:25:28:   8, 8, 9
20/11/2017 Mon 17:25:28:   10, 10, 8
20/11/2017 Mon 17:25:28:   11, 11, 7
20/11/2017 Mon 17:25:28:   12, 12, 4
20/11/2017 Mon 17:25:28:   13, 13, 5
20/11/2017 Mon 17:25:28:   14, 14, 22
20/11/2017 Mon 17:25:28:   15, 15, 50
20/11/2017 Mon 17:25:28:   16, 16, 49
20/11/2017 Mon 17:25:28:   17, 17, 3
20/11/2017 Mon 17:25:28:   18, 18, 5
20/11/2017 Mon 17:25:28:   19, 19, 3
20/11/2017 Mon 17:25:28:   20, 20, 29
20/11/2017 Mon 17:25:28:   22, 22, 5
20/11/2017 Mon 17:25:28:   23, 23, 3
20/11/2017 Mon 17:25:28:   24, 24, 16
20/11/2017 Mon 17:25:28:   25, 25, 3
20/11/2017 Mon 17:25:28:   26, 26, 3
20/11/2017 Mon 17:25:28:   27, 27, 8
20/11/2017 Mon 17:25:28:   28, 28, 19
20/11/2017 Mon 17:25:28:   29, 29, 22
20/11/2017 Mon 17:25:28:   30, 30, 3
20/11/2017 Mon 17:25:28:   31, 31, 6
20/11/2017 Mon 17:25:28:   32, 32, 6
20/11/2017 Mon 17:25:28:   33, 33, 4
20/11/2017 Mon 17:25:28:   34, 34, 4
20/11/2017 Mon 17:25:28:   35, 35, 3
20/11/2017 Mon 17:25:28:   36, 36, 4
20/11/2017 Mon 17:25:28:   37, 37, 3
20/11/2017 Mon 17:25:28:   38, 38, 19
20/11/2017 Mon 17:25:28:   39, 39, 4
20/11/2017 Mon 17:25:28:   40, 40, 3
20/11/2017 Mon 17:25:28:   41, 41, 3
20/11/2017 Mon 17:25:28:   42, 42, 3
20/11/2017 Mon 17:25:28:   43, 43, 4
20/11/2017 Mon 17:25:28:   44, 44, 4
20/11/2017 Mon 17:25:28:   45, 45, 3
20/11/2017 Mon 17:25:28:   46, 46, 3
20/11/2017 Mon 17:25:28:   47, 47, 3
20/11/2017 Mon 17:25:28:   Clusters...: 48
20/11/2017 Mon 17:25:43:   FM.........: 0.927944192154767
20/11/2017 Mon 17:25:43:End of Script ------/
20/11/2017 Mon 17:25:52:/------ Begin of Script
20/11/2017 Mon 17:25:52:epsilon: 0.0135 minPts: 3
20/11/2017 Mon 17:25:52:   Type.......: Point
20/11/2017 Mon 17:25:52:   Input File.: ../data/cluto-t8.8k/central/2.deviceConsolidation/points-cluto-t8.8k.csv
20/11/2017 Mon 17:25:52:   Output File: ../data/cluto-t8.8k/central/6.resultsDBSCAN/output-points-DBSCAN-cluto-t8.8k.csv
20/11/2017 Mon 17:25:52:   Map Matrix
20/11/2017 Mon 17:25:52:   -1, -1, 244
20/11/2017 Mon 17:25:52:   4, 0, 1108
20/11/2017 Mon 17:25:52:   0, 1, 1452
20/11/2017 Mon 17:25:52:   1, 2, 181
20/11/2017 Mon 17:25:52:   14, 3, 102
20/11/2017 Mon 17:25:52:   2, 4, 1384
20/11/2017 Mon 17:25:52:   3, 5, 1399
20/11/2017 Mon 17:25:52:   8, 6, 174
20/11/2017 Mon 17:25:52:   6, 6, 35
20/11/2017 Mon 17:25:52:   5, 7, 1557
20/11/2017 Mon 17:25:52:   7, 7, 9
20/11/2017 Mon 17:25:52:   9, 9, 8
20/11/2017 Mon 17:25:52:   10, 10, 7
20/11/2017 Mon 17:25:52:   11, 11, 4
20/11/2017 Mon 17:25:52:   12, 12, 53
20/11/2017 Mon 17:25:52:   13, 13, 22
20/11/2017 Mon 17:25:52:   15, 15, 3
20/11/2017 Mon 17:25:52:   16, 16, 5
20/11/2017 Mon 17:25:52:   17, 17, 4
20/11/2017 Mon 17:25:52:   18, 18, 57
20/11/2017 Mon 17:25:52:   19, 19, 5
20/11/2017 Mon 17:25:52:   20, 20, 3
20/11/2017 Mon 17:25:52:   21, 21, 16
20/11/2017 Mon 17:25:52:   22, 22, 3
20/11/2017 Mon 17:25:52:   23, 23, 3
20/11/2017 Mon 17:25:52:   24, 24, 8
20/11/2017 Mon 17:25:52:   25, 25, 23
20/11/2017 Mon 17:25:52:   26, 26, 3
20/11/2017 Mon 17:25:52:   27, 27, 6
20/11/2017 Mon 17:25:52:   28, 28, 6
20/11/2017 Mon 17:25:52:   29, 29, 3
20/11/2017 Mon 17:25:52:   30, 30, 4
20/11/2017 Mon 17:25:52:   31, 31, 4
20/11/2017 Mon 17:25:52:   32, 32, 3
20/11/2017 Mon 17:25:52:   33, 33, 4
20/11/2017 Mon 17:25:52:   34, 34, 3
20/11/2017 Mon 17:25:52:   35, 35, 4
20/11/2017 Mon 17:25:52:   36, 36, 3
20/11/2017 Mon 17:25:52:   37, 37, 3
20/11/2017 Mon 17:25:52:   38, 38, 3
20/11/2017 Mon 17:25:52:   39, 39, 4
20/11/2017 Mon 17:25:52:   40, 40, 4
20/11/2017 Mon 17:25:52:   41, 41, 3
20/11/2017 Mon 17:25:52:   42, 42, 3
20/11/2017 Mon 17:25:52:   43, 43, 3
20/11/2017 Mon 17:25:52:   44, 44, 3
20/11/2017 Mon 17:25:52:   Clusters...: 45
20/11/2017 Mon 17:26:09:/------ Begin of Script
20/11/2017 Mon 17:26:09:epsilon: 0.0135 minPts: 5
20/11/2017 Mon 17:26:09:   Type.......: Point
20/11/2017 Mon 17:26:09:   Input File.: ../data/cluto-t8.8k/central/2.deviceConsolidation/points-cluto-t8.8k.csv
20/11/2017 Mon 17:26:09:   Output File: ../data/cluto-t8.8k/central/6.resultsDBSCAN/output-points-DBSCAN-cluto-t8.8k.csv
20/11/2017 Mon 17:26:09:   Map Matrix
20/11/2017 Mon 17:26:09:   -1, -1, 306
20/11/2017 Mon 17:26:09:   4, 0, 1103
20/11/2017 Mon 17:26:09:   0, 1, 1451
20/11/2017 Mon 17:26:09:   1, 2, 181
20/11/2017 Mon 17:26:09:   10, 3, 38
20/11/2017 Mon 17:26:09:   2, 4, 1382
20/11/2017 Mon 17:26:09:   3, 5, 1191
20/11/2017 Mon 17:26:09:   8, 6, 165
20/11/2017 Mon 17:26:09:   6, 6, 32
20/11/2017 Mon 17:26:09:   5, 7, 1553
20/11/2017 Mon 17:26:09:   7, 7, 9
20/11/2017 Mon 17:26:09:   9, 9, 21
20/11/2017 Mon 17:26:09:   11, 11, 38
20/11/2017 Mon 17:26:09:   12, 12, 5
20/11/2017 Mon 17:26:09:   13, 13, 17
20/11/2017 Mon 17:26:09:   14, 14, 29
20/11/2017 Mon 17:26:09:   15, 15, 66
20/11/2017 Mon 17:26:09:   16, 16, 8
20/11/2017 Mon 17:26:09:   17, 17, 8
20/11/2017 Mon 17:26:09:   18, 18, 10
20/11/2017 Mon 17:26:09:   19, 19, 10
20/11/2017 Mon 17:26:09:   20, 20, 11
20/11/2017 Mon 17:26:09:   21, 21, 8
20/11/2017 Mon 17:26:09:   22, 22, 19
20/11/2017 Mon 17:26:09:   23, 23, 22
20/11/2017 Mon 17:26:09:   24, 24, 53
20/11/2017 Mon 17:26:09:   25, 25, 6
20/11/2017 Mon 17:26:09:   26, 26, 8
20/11/2017 Mon 17:26:09:   27, 27, 9
20/11/2017 Mon 17:26:09:   28, 28, 6
20/11/2017 Mon 17:26:09:   29, 29, 15
20/11/2017 Mon 17:26:09:   30, 30, 7
20/11/2017 Mon 17:26:09:   31, 31, 5
20/11/2017 Mon 17:26:09:   32, 32, 9
20/11/2017 Mon 17:26:09:   33, 33, 6
20/11/2017 Mon 17:26:09:   34, 34, 5
20/11/2017 Mon 17:26:09:   35, 35, 5
20/11/2017 Mon 17:26:09:   36, 36, 8
20/11/2017 Mon 17:26:09:   37, 37, 7
20/11/2017 Mon 17:26:09:   38, 38, 7
20/11/2017 Mon 17:26:09:   39, 39, 5
20/11/2017 Mon 17:26:09:   Clusters...: 40
20/11/2017 Mon 17:26:34:   FM.........: 0.9468372269412255
20/11/2017 Mon 17:26:34:End of Script ------/
20/11/2017 Mon 17:27:19:/------ Begin of Script
20/11/2017 Mon 17:27:19:epsilon: 0.015 minPts: 6
20/11/2017 Mon 17:27:19:   Type.......: Point
20/11/2017 Mon 17:27:19:   Input File.: ../data/cluto-t8.8k/central/2.deviceConsolidation/points-cluto-t8.8k.csv
20/11/2017 Mon 17:27:19:   Output File: ../data/cluto-t8.8k/central/6.resultsDBSCAN/output-points-DBSCAN-cluto-t8.8k.csv
20/11/2017 Mon 17:27:19:   Map Matrix
20/11/2017 Mon 17:27:19:   -1, -1, 290
20/11/2017 Mon 17:27:19:   4, 0, 1106
20/11/2017 Mon 17:27:19:   0, 1, 1451
20/11/2017 Mon 17:27:19:   1, 2, 182
20/11/2017 Mon 17:27:19:   14, 3, 42
20/11/2017 Mon 17:27:19:   2, 4, 1386
20/11/2017 Mon 17:27:19:   3, 5, 1214
20/11/2017 Mon 17:27:19:   8, 6, 168
20/11/2017 Mon 17:27:19:   6, 6, 33
20/11/2017 Mon 17:27:19:   5, 7, 1557
20/11/2017 Mon 17:27:19:   7, 7, 10
20/11/2017 Mon 17:27:19:   9, 9, 26
20/11/2017 Mon 17:27:19:   10, 10, 36
20/11/2017 Mon 17:27:19:   11, 11, 41
20/11/2017 Mon 17:27:19:   12, 12, 31
20/11/2017 Mon 17:27:19:   13, 13, 121
20/11/2017 Mon 17:27:19:   15, 15, 9
20/11/2017 Mon 17:27:19:   16, 16, 16
20/11/2017 Mon 17:27:19:   17, 17, 9
20/11/2017 Mon 17:27:19:   18, 18, 16
20/11/2017 Mon 17:27:19:   19, 19, 6
20/11/2017 Mon 17:27:19:   20, 20, 20
20/11/2017 Mon 17:27:19:   21, 21, 8
20/11/2017 Mon 17:27:19:   22, 22, 11
20/11/2017 Mon 17:27:19:   23, 23, 22
20/11/2017 Mon 17:27:19:   24, 24, 33
20/11/2017 Mon 17:27:19:   25, 25, 5
20/11/2017 Mon 17:27:19:   26, 26, 1
20/11/2017 Mon 17:27:19:   27, 27, 10
20/11/2017 Mon 17:27:19:   28, 28, 9
20/11/2017 Mon 17:27:19:   29, 29, 6
20/11/2017 Mon 17:27:20:   Clusters...: 30
20/11/2017 Mon 17:27:44:   FM.........: 0.9515966582824502
20/11/2017 Mon 17:27:44:End of Script ------/
20/11/2017 Mon 17:27:54:/------ Begin of Script
20/11/2017 Mon 17:27:54:epsilon: 0.0145 minPts: 3
20/11/2017 Mon 17:27:54:   Type.......: Point
20/11/2017 Mon 17:27:54:   Input File.: ../data/cluto-t8.8k/central/2.deviceConsolidation/points-cluto-t8.8k.csv
20/11/2017 Mon 17:27:54:   Output File: ../data/cluto-t8.8k/central/6.resultsDBSCAN/output-points-DBSCAN-cluto-t8.8k.csv
20/11/2017 Mon 17:27:54:   Map Matrix
20/11/2017 Mon 17:27:54:   -1, -1, 219
20/11/2017 Mon 17:27:54:   4, 0, 1110
20/11/2017 Mon 17:27:54:   0, 1, 1453
20/11/2017 Mon 17:27:54:   1, 2, 182
20/11/2017 Mon 17:27:54:   7, 3, 117
20/11/2017 Mon 17:27:54:   2, 4, 1387
20/11/2017 Mon 17:27:54:   3, 5, 1439
20/11/2017 Mon 17:27:54:   8, 6, 175
20/11/2017 Mon 17:27:54:   6, 6, 35
20/11/2017 Mon 17:27:54:   5, 7, 1557
20/11/2017 Mon 17:27:54:   9, 9, 9
20/11/2017 Mon 17:27:54:   10, 10, 7
20/11/2017 Mon 17:27:54:   11, 11, 4
20/11/2017 Mon 17:27:54:   12, 12, 73
20/11/2017 Mon 17:27:54:   13, 13, 3
20/11/2017 Mon 17:27:54:   14, 14, 5
20/11/2017 Mon 17:27:54:   15, 15, 4
20/11/2017 Mon 17:27:54:   16, 16, 96
20/11/2017 Mon 17:27:54:   17, 17, 3
20/11/2017 Mon 17:27:54:   18, 18, 3
20/11/2017 Mon 17:27:54:   19, 19, 3
20/11/2017 Mon 17:27:54:   20, 20, 3
20/11/2017 Mon 17:27:54:   21, 21, 4
20/11/2017 Mon 17:27:54:   22, 22, 4
20/11/2017 Mon 17:27:54:   23, 23, 3
20/11/2017 Mon 17:27:54:   24, 24, 4
20/11/2017 Mon 17:27:54:   25, 25, 3
20/11/2017 Mon 17:27:54:   26, 26, 3
20/11/2017 Mon 17:27:54:   27, 27, 3
20/11/2017 Mon 17:27:54:   28, 28, 4
20/11/2017 Mon 17:27:54:   29, 29, 3
20/11/2017 Mon 17:27:54:   30, 30, 3
20/11/2017 Mon 17:27:54:   31, 31, 3
20/11/2017 Mon 17:27:54:   32, 32, 3
20/11/2017 Mon 17:27:54:   33, 33, 3
20/11/2017 Mon 17:27:54:   34, 34, 4
20/11/2017 Mon 17:27:54:   35, 35, 3
20/11/2017 Mon 17:27:54:   36, 36, 4
20/11/2017 Mon 17:27:54:   37, 37, 3
20/11/2017 Mon 17:27:54:   38, 38, 3
20/11/2017 Mon 17:27:54:   39, 39, 3
20/11/2017 Mon 17:27:54:   Clusters...: 40
20/11/2017 Mon 17:28:16:   FM.........: 0.9845914422958189
20/11/2017 Mon 17:28:16:End of Script ------/
20/11/2017 Mon 17:28:31:/------ Begin of Script
20/11/2017 Mon 17:28:31:epsilon: 0.03 minPts: 6
20/11/2017 Mon 17:28:31:   Type.......: Cell
20/11/2017 Mon 17:28:31:   Input File.: ../data/cluto-t8.8k/central/4.mapClusterOutput/expanded-points-cluto-t8.8k.csv
20/11/2017 Mon 17:28:31:   Output File: ../data/cluto-t8.8k/central/6.resultsDBSCAN/output-cells-DBSCAN-cluto-t8.8k.csv
20/11/2017 Mon 17:28:31:   Map Matrix
20/11/2017 Mon 17:28:31:   -1, -1, 143
20/11/2017 Mon 17:28:31:   0, 1, 1455
20/11/2017 Mon 17:28:31:   3, 3, 6
20/11/2017 Mon 17:28:31:   4, 4, 6
20/11/2017 Mon 17:28:31:   5, 5, 8
20/11/2017 Mon 17:28:31:   2, 6, 175
20/11/2017 Mon 17:28:31:   1, 7, 1557
20/11/2017 Mon 17:28:31:   Clusters...: 6
20/11/2017 Mon 17:28:50:   FM.........: 0.556134463297771
20/11/2017 Mon 17:28:50:End of Script ------/
20/11/2017 Mon 17:29:00:/------ Begin of Script
20/11/2017 Mon 17:29:00:epsilon: 0.025 minPts: 5
20/11/2017 Mon 17:29:00:   Type.......: Cell
20/11/2017 Mon 17:29:00:   Input File.: ../data/cluto-t8.8k/central/4.mapClusterOutput/expanded-points-cluto-t8.8k.csv
20/11/2017 Mon 17:29:00:   Output File: ../data/cluto-t8.8k/central/6.resultsDBSCAN/output-cells-DBSCAN-cluto-t8.8k.csv
20/11/2017 Mon 17:29:00:   Map Matrix
20/11/2017 Mon 17:29:00:   -1, -1, 196
20/11/2017 Mon 17:29:00:   4, 0, 1082
20/11/2017 Mon 17:29:00:   0, 1, 1454
20/11/2017 Mon 17:29:00:   2, 2, 130
20/11/2017 Mon 17:29:00:   1, 4, 1263
20/11/2017 Mon 17:29:00:   3, 5, 1452
20/11/2017 Mon 17:29:00:   6, 6, 175
20/11/2017 Mon 17:29:00:   5, 7, 1557
20/11/2017 Mon 17:29:00:   7, 7, 7
20/11/2017 Mon 17:29:00:   8, 8, 29
20/11/2017 Mon 17:29:00:   9, 9, 11
20/11/2017 Mon 17:29:00:   10, 10, 7
20/11/2017 Mon 17:29:01:   Clusters...: 11
20/11/2017 Mon 17:29:21:   FM.........: 0.8981084896468775
20/11/2017 Mon 17:29:21:End of Script ------/
20/11/2017 Mon 17:29:30:/------ Begin of Script
20/11/2017 Mon 17:29:30:epsilon: 0.028 minPts: 5
20/11/2017 Mon 17:29:30:   Type.......: Cell
20/11/2017 Mon 17:29:30:   Input File.: ../data/cluto-t8.8k/central/4.mapClusterOutput/expanded-points-cluto-t8.8k.csv
20/11/2017 Mon 17:29:30:   Output File: ../data/cluto-t8.8k/central/6.resultsDBSCAN/output-cells-DBSCAN-cluto-t8.8k.csv
20/11/2017 Mon 17:29:30:   Map Matrix
20/11/2017 Mon 17:29:30:   -1, -1, 161
20/11/2017 Mon 17:29:30:   0, 1, 1455
20/11/2017 Mon 17:29:30:   3, 3, 6
20/11/2017 Mon 17:29:30:   4, 4, 7
20/11/2017 Mon 17:29:30:   5, 5, 4
20/11/2017 Mon 17:29:30:   2, 6, 175
20/11/2017 Mon 17:29:30:   1, 7, 1557
20/11/2017 Mon 17:29:31:   Clusters...: 6
20/11/2017 Mon 17:29:55:/------ Begin of Script
20/11/2017 Mon 17:29:55:epsilon: 0.0225 minPts: 5
20/11/2017 Mon 17:29:55:   Type.......: Cell
20/11/2017 Mon 17:29:55:   Input File.: ../data/cluto-t8.8k/central/4.mapClusterOutput/expanded-points-cluto-t8.8k.csv
20/11/2017 Mon 17:29:55:   Output File: ../data/cluto-t8.8k/central/6.resultsDBSCAN/output-cells-DBSCAN-cluto-t8.8k.csv
20/11/2017 Mon 17:29:55:   Map Matrix
20/11/2017 Mon 17:29:55:   -1, -1, 241
20/11/2017 Mon 17:29:55:   6, 0, 751
20/11/2017 Mon 17:29:55:   0, 1, 1296
20/11/2017 Mon 17:29:55:   1, 2, 158
20/11/2017 Mon 17:29:55:   2, 2, 130
20/11/2017 Mon 17:29:55:   10, 3, 117
20/11/2017 Mon 17:29:55:   13, 4, 1001
20/11/2017 Mon 17:29:55:   4, 4, 195
20/11/2017 Mon 17:29:55:   3, 5, 772
20/11/2017 Mon 17:29:55:   5, 5, 7
20/11/2017 Mon 17:29:55:   15, 6, 95
20/11/2017 Mon 17:29:55:   7, 7, 1500
20/11/2017 Mon 17:29:55:   8, 8, 100
20/11/2017 Mon 17:29:55:   9, 9, 100
20/11/2017 Mon 17:29:55:   11, 11, 118
20/11/2017 Mon 17:29:55:   12, 12, 32
20/11/2017 Mon 17:29:55:   14, 14, 19
20/11/2017 Mon 17:29:55:   16, 16, 60
20/11/2017 Mon 17:29:55:   17, 17, 19
20/11/2017 Mon 17:29:55:   18, 18, 22
20/11/2017 Mon 17:29:55:   19, 19, 23
20/11/2017 Mon 17:29:55:   20, 20, 117
20/11/2017 Mon 17:29:55:   21, 21, 7
20/11/2017 Mon 17:29:55:   22, 22, 20
20/11/2017 Mon 17:29:55:   23, 23, 29
20/11/2017 Mon 17:29:55:   24, 24, 23
20/11/2017 Mon 17:29:55:   25, 25, 9
20/11/2017 Mon 17:29:55:   26, 26, 80
20/11/2017 Mon 17:29:55:   27, 27, 89
20/11/2017 Mon 17:29:55:   28, 28, 55
20/11/2017 Mon 17:29:55:   29, 29, 11
20/11/2017 Mon 17:29:55:   30, 30, 115
20/11/2017 Mon 17:29:55:   31, 31, 25
20/11/2017 Mon 17:29:55:   32, 32, 45
20/11/2017 Mon 17:29:55:   33, 33, 80
20/11/2017 Mon 17:29:55:   34, 34, 49
20/11/2017 Mon 17:29:55:   35, 35, 20
20/11/2017 Mon 17:29:55:   36, 36, 26
20/11/2017 Mon 17:29:55:   37, 37, 39
20/11/2017 Mon 17:29:55:   38, 38, 70
20/11/2017 Mon 17:29:55:   39, 39, 21
20/11/2017 Mon 17:29:55:   40, 40, 6
20/11/2017 Mon 17:29:55:   41, 41, 20
20/11/2017 Mon 17:29:55:   42, 42, 57
20/11/2017 Mon 17:29:55:   43, 43, 10
20/11/2017 Mon 17:29:55:   44, 44, 10
20/11/2017 Mon 17:29:55:   45, 45, 12
20/11/2017 Mon 17:29:55:   46, 46, 16
20/11/2017 Mon 17:29:55:   47, 47, 14
20/11/2017 Mon 17:29:55:   48, 48, 8
20/11/2017 Mon 17:29:55:   49, 49, 8
20/11/2017 Mon 17:29:55:   50, 50, 8
20/11/2017 Mon 17:29:55:   51, 51, 6
20/11/2017 Mon 17:29:55:   52, 52, 11
20/11/2017 Mon 17:29:55:   53, 53, 7
20/11/2017 Mon 17:29:55:   54, 54, 6
20/11/2017 Mon 17:29:55:   55, 55, 6
20/11/2017 Mon 17:29:55:   56, 56, 5
20/11/2017 Mon 17:29:55:   Clusters...: 57
20/11/2017 Mon 17:30:24:   FM.........: 0.7598221807428137
20/11/2017 Mon 17:30:24:End of Script ------/
20/11/2017 Mon 17:30:30:/------ Begin of Script
20/11/2017 Mon 17:30:30:epsilon: 0.0225 minPts: 3
20/11/2017 Mon 17:30:30:   Type.......: Cell
20/11/2017 Mon 17:30:30:   Input File.: ../data/cluto-t8.8k/central/4.mapClusterOutput/expanded-points-cluto-t8.8k.csv
20/11/2017 Mon 17:30:30:   Output File: ../data/cluto-t8.8k/central/6.resultsDBSCAN/output-cells-DBSCAN-cluto-t8.8k.csv
20/11/2017 Mon 17:30:30:   Map Matrix
20/11/2017 Mon 17:30:30:   -1, -1, 154
20/11/2017 Mon 17:30:30:   6, 0, 751
20/11/2017 Mon 17:30:30:   0, 1, 1296
20/11/2017 Mon 17:30:30:   1, 2, 158
20/11/2017 Mon 17:30:30:   2, 2, 130
20/11/2017 Mon 17:30:30:   10, 3, 117
20/11/2017 Mon 17:30:30:   13, 4, 1001
20/11/2017 Mon 17:30:30:   4, 4, 195
20/11/2017 Mon 17:30:30:   3, 5, 772
20/11/2017 Mon 17:30:30:   5, 5, 7
20/11/2017 Mon 17:30:30:   15, 6, 95
20/11/2017 Mon 17:30:30:   7, 7, 1500
20/11/2017 Mon 17:30:30:   8, 8, 100
20/11/2017 Mon 17:30:30:   9, 9, 100
20/11/2017 Mon 17:30:30:   11, 11, 118
20/11/2017 Mon 17:30:30:   12, 12, 32
20/11/2017 Mon 17:30:30:   14, 14, 19
20/11/2017 Mon 17:30:30:   16, 16, 60
20/11/2017 Mon 17:30:30:   17, 17, 19
20/11/2017 Mon 17:30:30:   18, 18, 22
20/11/2017 Mon 17:30:30:   19, 19, 23
20/11/2017 Mon 17:30:30:   20, 20, 117
20/11/2017 Mon 17:30:30:   21, 21, 7
20/11/2017 Mon 17:30:30:   22, 22, 20
20/11/2017 Mon 17:30:30:   23, 23, 29
20/11/2017 Mon 17:30:30:   24, 24, 4
20/11/2017 Mon 17:30:30:   25, 25, 23
20/11/2017 Mon 17:30:30:   26, 26, 9
20/11/2017 Mon 17:30:30:   27, 27, 80
20/11/2017 Mon 17:30:30:   28, 28, 89
20/11/2017 Mon 17:30:30:   29, 29, 55
20/11/2017 Mon 17:30:30:   30, 30, 11
20/11/2017 Mon 17:30:30:   31, 31, 115
20/11/2017 Mon 17:30:30:   32, 32, 25
20/11/2017 Mon 17:30:30:   33, 33, 49
20/11/2017 Mon 17:30:30:   34, 34, 45
20/11/2017 Mon 17:30:30:   35, 35, 80
20/11/2017 Mon 17:30:30:   36, 36, 20
20/11/2017 Mon 17:30:30:   37, 37, 4
20/11/2017 Mon 17:30:30:   38, 38, 4
20/11/2017 Mon 17:30:30:   39, 39, 26
20/11/2017 Mon 17:30:30:   40, 40, 39
20/11/2017 Mon 17:30:30:   41, 41, 70
20/11/2017 Mon 17:30:30:   42, 42, 21
20/11/2017 Mon 17:30:30:   43, 43, 6
20/11/2017 Mon 17:30:30:   44, 44, 4
20/11/2017 Mon 17:30:30:   45, 45, 3
20/11/2017 Mon 17:30:30:   46, 46, 20
20/11/2017 Mon 17:30:30:   47, 47, 3
20/11/2017 Mon 17:30:30:   48, 48, 3
20/11/2017 Mon 17:30:30:   49, 49, 57
20/11/2017 Mon 17:30:30:   50, 50, 10
20/11/2017 Mon 17:30:30:   51, 51, 10
20/11/2017 Mon 17:30:30:   52, 52, 12
20/11/2017 Mon 17:30:30:   53, 53, 16
20/11/2017 Mon 17:30:30:   54, 54, 14
20/11/2017 Mon 17:30:30:   55, 55, 8
20/11/2017 Mon 17:30:30:   56, 56, 8
20/11/2017 Mon 17:30:30:   57, 57, 3
20/11/2017 Mon 17:30:30:   58, 58, 8
20/11/2017 Mon 17:30:30:   59, 59, 6
20/11/2017 Mon 17:30:30:   60, 60, 3
20/11/2017 Mon 17:30:30:   61, 61, 11
20/11/2017 Mon 17:30:30:   62, 62, 7
20/11/2017 Mon 17:30:30:   63, 63, 3
20/11/2017 Mon 17:30:30:   64, 64, 4
20/11/2017 Mon 17:30:30:   65, 65, 3
20/11/2017 Mon 17:30:30:   66, 66, 4
20/11/2017 Mon 17:30:30:   67, 67, 6
20/11/2017 Mon 17:30:30:   68, 68, 3
20/11/2017 Mon 17:30:30:   69, 69, 3
20/11/2017 Mon 17:30:30:   70, 70, 3
20/11/2017 Mon 17:30:30:   71, 71, 3
20/11/2017 Mon 17:30:30:   72, 72, 3
20/11/2017 Mon 17:30:30:   73, 73, 6
20/11/2017 Mon 17:30:30:   74, 74, 4
20/11/2017 Mon 17:30:30:   75, 75, 3
20/11/2017 Mon 17:30:30:   76, 76, 4
20/11/2017 Mon 17:30:30:   77, 77, 5
20/11/2017 Mon 17:30:30:   78, 78, 4
20/11/2017 Mon 17:30:30:   79, 79, 3
20/11/2017 Mon 17:30:30:   80, 80, 3
20/11/2017 Mon 17:30:30:   81, 81, 3
20/11/2017 Mon 17:30:30:   82, 82, 3
20/11/2017 Mon 17:30:30:   83, 83, 3
20/11/2017 Mon 17:30:30:   84, 84, 3
20/11/2017 Mon 17:30:30:   85, 85, 3
20/11/2017 Mon 17:30:30:   86, 86, 4
20/11/2017 Mon 17:30:30:   87, 87, 3
20/11/2017 Mon 17:30:31:   Clusters...: 88
20/11/2017 Mon 17:30:43:/------ Begin of Script
20/11/2017 Mon 17:30:43:epsilon: 0.023 minPts: 6
20/11/2017 Mon 17:30:43:   Type.......: Cell
20/11/2017 Mon 17:30:43:   Input File.: ../data/cluto-t8.8k/central/4.mapClusterOutput/expanded-points-cluto-t8.8k.csv
20/11/2017 Mon 17:30:43:   Output File: ../data/cluto-t8.8k/central/6.resultsDBSCAN/output-cells-DBSCAN-cluto-t8.8k.csv
20/11/2017 Mon 17:30:43:   Map Matrix
20/11/2017 Mon 17:30:43:   -1, -1, 243
20/11/2017 Mon 17:30:43:   6, 0, 1042
20/11/2017 Mon 17:30:43:   0, 1, 1374
20/11/2017 Mon 17:30:43:   1, 2, 181
20/11/2017 Mon 17:30:43:   2, 2, 130
20/11/2017 Mon 17:30:43:   18, 3, 79
20/11/2017 Mon 17:30:43:   11, 4, 1002
20/11/2017 Mon 17:30:43:   4, 4, 414
20/11/2017 Mon 17:30:43:   3, 5, 954
20/11/2017 Mon 17:30:43:   5, 5, 7
20/11/2017 Mon 17:30:43:   12, 6, 95
20/11/2017 Mon 17:30:43:   7, 7, 1536
20/11/2017 Mon 17:30:43:   8, 8, 157
20/11/2017 Mon 17:30:43:   9, 9, 100
20/11/2017 Mon 17:30:43:   10, 10, 53
20/11/2017 Mon 17:30:43:   13, 13, 19
20/11/2017 Mon 17:30:43:   14, 14, 22
20/11/2017 Mon 17:30:43:   15, 15, 7
20/11/2017 Mon 17:30:43:   16, 16, 29
20/11/2017 Mon 17:30:43:   17, 17, 29
20/11/2017 Mon 17:30:43:   19, 19, 11
20/11/2017 Mon 17:30:43:   20, 20, 25
20/11/2017 Mon 17:30:43:   21, 21, 45
20/11/2017 Mon 17:30:43:   22, 22, 80
20/11/2017 Mon 17:30:43:   23, 23, 48
20/11/2017 Mon 17:30:43:   24, 24, 39
20/11/2017 Mon 17:30:43:   25, 25, 21
20/11/2017 Mon 17:30:43:   26, 26, 12
20/11/2017 Mon 17:30:43:   27, 27, 8
20/11/2017 Mon 17:30:43:   28, 28, 8
20/11/2017 Mon 17:30:43:   29, 29, 6
20/11/2017 Mon 17:30:43:   30, 30, 11
20/11/2017 Mon 17:30:43:   31, 31, 7
20/11/2017 Mon 17:30:43:   32, 32, 7
20/11/2017 Mon 17:30:43:   Clusters...: 33
20/11/2017 Mon 17:31:00:   FM.........: 0.7991241353554791
20/11/2017 Mon 17:31:00:End of Script ------/
20/11/2017 Mon 17:31:06:/------ Begin of Script
20/11/2017 Mon 17:31:06:epsilon: 0.023 minPts: 8
20/11/2017 Mon 17:31:06:   Type.......: Cell
20/11/2017 Mon 17:31:06:   Input File.: ../data/cluto-t8.8k/central/4.mapClusterOutput/expanded-points-cluto-t8.8k.csv
20/11/2017 Mon 17:31:06:   Output File: ../data/cluto-t8.8k/central/6.resultsDBSCAN/output-cells-DBSCAN-cluto-t8.8k.csv
20/11/2017 Mon 17:31:06:   Map Matrix
20/11/2017 Mon 17:31:06:   -1, -1, 252
20/11/2017 Mon 17:31:06:   5, 0, 1042
20/11/2017 Mon 17:31:06:   0, 1, 1374
20/11/2017 Mon 17:31:06:   1, 2, 181
20/11/2017 Mon 17:31:06:   2, 2, 130
20/11/2017 Mon 17:31:06:   9, 3, 46
20/11/2017 Mon 17:31:06:   10, 4, 1002
20/11/2017 Mon 17:31:06:   4, 4, 402
20/11/2017 Mon 17:31:06:   3, 5, 953
20/11/2017 Mon 17:31:06:   11, 6, 95
20/11/2017 Mon 17:31:06:   6, 7, 1536
20/11/2017 Mon 17:31:06:   7, 7, 157
20/11/2017 Mon 17:31:06:   8, 8, 99
20/11/2017 Mon 17:31:06:   12, 12, 19
20/11/2017 Mon 17:31:06:   13, 13, 22
20/11/2017 Mon 17:31:06:   14, 14, 29
20/11/2017 Mon 17:31:06:   15, 15, 29
20/11/2017 Mon 17:31:06:   16, 16, 34
20/11/2017 Mon 17:31:06:   17, 17, 11
20/11/2017 Mon 17:31:06:   18, 18, 21
20/11/2017 Mon 17:31:06:   19, 19, 45
20/11/2017 Mon 17:31:06:   20, 20, 80
20/11/2017 Mon 17:31:06:   21, 21, 9
20/11/2017 Mon 17:31:06:   22, 22, 45
20/11/2017 Mon 17:31:06:   23, 23, 39
20/11/2017 Mon 17:31:06:   24, 24, 21
20/11/2017 Mon 17:31:06:   25, 25, 12
20/11/2017 Mon 17:31:06:   26, 26, 12
20/11/2017 Mon 17:31:06:   27, 27, 8
20/11/2017 Mon 17:31:06:   28, 28, 38
20/11/2017 Mon 17:31:06:   29, 29, 8
20/11/2017 Mon 17:31:06:   30, 30, 11
20/11/2017 Mon 17:31:06:   31, 31, 1
20/11/2017 Mon 17:31:06:   32, 32, 7
20/11/2017 Mon 17:31:06:   Clusters...: 33
20/11/2017 Mon 17:31:22:   FM.........: 0.7791352807517309
20/11/2017 Mon 17:31:22:End of Script ------/
20/11/2017 Mon 17:31:42:/------ Begin of Script
20/11/2017 Mon 17:31:42:epsilon: 0.024 minPts: 8
20/11/2017 Mon 17:31:42:   Type.......: Cell
20/11/2017 Mon 17:31:42:   Input File.: ../data/cluto-t8.8k/central/4.mapClusterOutput/expanded-points-cluto-t8.8k.csv
20/11/2017 Mon 17:31:42:   Output File: ../data/cluto-t8.8k/central/6.resultsDBSCAN/output-cells-DBSCAN-cluto-t8.8k.csv
20/11/2017 Mon 17:31:42:   Map Matrix
20/11/2017 Mon 17:31:42:   -1, -1, 243
20/11/2017 Mon 17:31:42:   4, 0, 1082
20/11/2017 Mon 17:31:42:   0, 1, 1454
20/11/2017 Mon 17:31:42:   1, 2, 181
20/11/2017 Mon 17:31:42:   2, 2, 130
20/11/2017 Mon 17:31:42:   8, 3, 180
20/11/2017 Mon 17:31:42:   6, 4, 1159
20/11/2017 Mon 17:31:42:   3, 5, 1437
20/11/2017 Mon 17:31:42:   9, 6, 175
20/11/2017 Mon 17:31:42:   5, 7, 1536
20/11/2017 Mon 17:31:42:   7, 7, 100
20/11/2017 Mon 17:31:42:   10, 10, 29
20/11/2017 Mon 17:31:42:   11, 11, 46
20/11/2017 Mon 17:31:42:   12, 12, 21
20/11/2017 Mon 17:31:42:   13, 13, 12
20/11/2017 Mon 17:31:42:   14, 14, 7
20/11/2017 Mon 17:31:42:   Clusters...: 15
20/11/2017 Mon 17:32:01:   FM.........: 0.9176336498563171
20/11/2017 Mon 17:32:01:End of Script ------/
20/11/2017 Mon 17:32:08:/------ Begin of Script
20/11/2017 Mon 17:32:08:epsilon: 0.0245 minPts: 8
20/11/2017 Mon 17:32:08:   Type.......: Cell
20/11/2017 Mon 17:32:08:   Input File.: ../data/cluto-t8.8k/central/4.mapClusterOutput/expanded-points-cluto-t8.8k.csv
20/11/2017 Mon 17:32:08:   Output File: ../data/cluto-t8.8k/central/6.resultsDBSCAN/output-cells-DBSCAN-cluto-t8.8k.csv
20/11/2017 Mon 17:32:08:   Map Matrix
20/11/2017 Mon 17:32:08:   -1, -1, 236
20/11/2017 Mon 17:32:08:   4, 0, 1082
20/11/2017 Mon 17:32:08:   0, 1, 1454
20/11/2017 Mon 17:32:08:   2, 2, 130
20/11/2017 Mon 17:32:08:   6, 3, 236
20/11/2017 Mon 17:32:08:   1, 4, 1261
20/11/2017 Mon 17:32:08:   3, 5, 1452
20/11/2017 Mon 17:32:08:   7, 6, 175
20/11/2017 Mon 17:32:08:   5, 7, 1557
20/11/2017 Mon 17:32:08:   8, 8, 29
20/11/2017 Mon 17:32:08:   9, 9, 7
20/11/2017 Mon 17:32:08:   Clusters...: 10
20/11/2017 Mon 17:32:31:   FM.........: 0.9286272338864026
20/11/2017 Mon 17:32:31:End of Script ------/
20/11/2017 Mon 17:32:41:/------ Begin of Script
20/11/2017 Mon 17:32:41:epsilon: 0.0248 minPts: 8
20/11/2017 Mon 17:32:41:   Type.......: Cell
20/11/2017 Mon 17:32:41:   Input File.: ../data/cluto-t8.8k/central/4.mapClusterOutput/expanded-points-cluto-t8.8k.csv
20/11/2017 Mon 17:32:41:   Output File: ../data/cluto-t8.8k/central/6.resultsDBSCAN/output-cells-DBSCAN-cluto-t8.8k.csv
20/11/2017 Mon 17:32:41:   Map Matrix
20/11/2017 Mon 17:32:41:   -1, -1, 233
20/11/2017 Mon 17:32:41:   4, 0, 1082
20/11/2017 Mon 17:32:41:   0, 1, 1454
20/11/2017 Mon 17:32:41:   2, 2, 130
20/11/2017 Mon 17:32:41:   6, 3, 237
20/11/2017 Mon 17:32:41:   1, 4, 1262
20/11/2017 Mon 17:32:41:   3, 5, 1452
20/11/2017 Mon 17:32:41:   7, 6, 175
20/11/2017 Mon 17:32:41:   5, 7, 1557
20/11/2017 Mon 17:32:41:   8, 8, 29
20/11/2017 Mon 17:32:41:   9, 9, 7
20/11/2017 Mon 17:32:41:   Clusters...: 10
20/11/2017 Mon 17:33:02:   FM.........: 0.9283357365061067
20/11/2017 Mon 17:33:02:End of Script ------/
20/11/2017 Mon 17:33:27:/------ Begin of Script
20/11/2017 Mon 17:33:27:epsilon: 0.0245 minPts: 10
20/11/2017 Mon 17:33:27:   Type.......: Cell
20/11/2017 Mon 17:33:27:   Input File.: ../data/cluto-t8.8k/central/4.mapClusterOutput/expanded-points-cluto-t8.8k.csv
20/11/2017 Mon 17:33:27:   Output File: ../data/cluto-t8.8k/central/6.resultsDBSCAN/output-cells-DBSCAN-cluto-t8.8k.csv
20/11/2017 Mon 17:33:27:   Map Matrix
20/11/2017 Mon 17:33:27:   -1, -1, 246
20/11/2017 Mon 17:33:27:   4, 0, 1082
20/11/2017 Mon 17:33:27:   0, 1, 1454
20/11/2017 Mon 17:33:27:   2, 2, 130
20/11/2017 Mon 17:33:27:   6, 3, 230
20/11/2017 Mon 17:33:27:   1, 4, 1261
20/11/2017 Mon 17:33:27:   3, 5, 1446
20/11/2017 Mon 17:33:27:   7, 6, 175
20/11/2017 Mon 17:33:27:   5, 7, 1557
20/11/2017 Mon 17:33:27:   8, 8, 29
20/11/2017 Mon 17:33:27:   9, 9, 1
20/11/2017 Mon 17:33:27:   10, 10, 7
20/11/2017 Mon 17:33:27:   Clusters...: 11
20/11/2017 Mon 17:33:47:   FM.........: 0.9288121727349381
20/11/2017 Mon 17:33:47:End of Script ------/
20/11/2017 Mon 17:34:06:/------ Begin of Script
20/11/2017 Mon 17:34:06:epsilon: 0.0245 minPts: 10
20/11/2017 Mon 17:34:06:   Type.......: Point
20/11/2017 Mon 17:34:06:   Input File.: ../data/cluto-t8.8k/central/2.deviceConsolidation/points-cluto-t8.8k.csv
20/11/2017 Mon 17:34:06:   Output File: ../data/cluto-t8.8k/central/6.resultsDBSCAN/output-points-DBSCAN-cluto-t8.8k.csv
20/11/2017 Mon 17:34:06:   Map Matrix
20/11/2017 Mon 17:34:06:   -1, -1, 211
20/11/2017 Mon 17:34:06:   0, 1, 1455
20/11/2017 Mon 17:34:06:   1, 4, 1393
20/11/2017 Mon 17:34:06:   3, 6, 175
20/11/2017 Mon 17:34:06:   2, 7, 1557
20/11/2017 Mon 17:34:06:   Clusters...: 4
20/11/2017 Mon 17:34:26:   FM.........: 0.7074823039403099
20/11/2017 Mon 17:34:26:End of Script ------/
20/11/2017 Mon 17:34:32:/------ Begin of Script
20/11/2017 Mon 17:34:32:epsilon: 0.0245 minPts: 12
20/11/2017 Mon 17:34:32:   Type.......: Point
20/11/2017 Mon 17:34:32:   Input File.: ../data/cluto-t8.8k/central/2.deviceConsolidation/points-cluto-t8.8k.csv
20/11/2017 Mon 17:34:32:   Output File: ../data/cluto-t8.8k/central/6.resultsDBSCAN/output-points-DBSCAN-cluto-t8.8k.csv
20/11/2017 Mon 17:34:32:   Map Matrix
20/11/2017 Mon 17:34:32:   -1, -1, 219
20/11/2017 Mon 17:34:32:   0, 1, 1455
20/11/2017 Mon 17:34:32:   5, 3, 13
20/11/2017 Mon 17:34:32:   1, 4, 1393
20/11/2017 Mon 17:34:32:   2, 5, 1452
20/11/2017 Mon 17:34:32:   4, 6, 175
20/11/2017 Mon 17:34:32:   3, 7, 1557
20/11/2017 Mon 17:34:33:   Clusters...: 6
20/11/2017 Mon 17:34:50:   FM.........: 0.8095939851443151
20/11/2017 Mon 17:34:50:End of Script ------/
20/11/2017 Mon 17:35:04:/------ Begin of Script
20/11/2017 Mon 17:35:04:epsilon: 0.024 minPts: 12
20/11/2017 Mon 17:35:04:   Type.......: Point
20/11/2017 Mon 17:35:04:   Input File.: ../data/cluto-t8.8k/central/2.deviceConsolidation/points-cluto-t8.8k.csv
20/11/2017 Mon 17:35:04:   Output File: ../data/cluto-t8.8k/central/6.resultsDBSCAN/output-points-DBSCAN-cluto-t8.8k.csv
20/11/2017 Mon 17:35:04:   Map Matrix
20/11/2017 Mon 17:35:04:   -1, -1, 228
20/11/2017 Mon 17:35:04:   0, 1, 1455
20/11/2017 Mon 17:35:04:   5, 3, 84
20/11/2017 Mon 17:35:04:   1, 4, 1393
20/11/2017 Mon 17:35:04:   2, 5, 1451
20/11/2017 Mon 17:35:04:   4, 6, 175
20/11/2017 Mon 17:35:04:   6, 6, 37
20/11/2017 Mon 17:35:04:   3, 7, 1557
20/11/2017 Mon 17:35:04:   7, 7, 13
20/11/2017 Mon 17:35:04:   Clusters...: 8
20/11/2017 Mon 17:35:22:/------ Begin of Script
20/11/2017 Mon 17:35:22:epsilon: 0.022 minPts: 12
20/11/2017 Mon 17:35:22:   Type.......: Point
20/11/2017 Mon 17:35:22:   Input File.: ../data/cluto-t8.8k/central/2.deviceConsolidation/points-cluto-t8.8k.csv
20/11/2017 Mon 17:35:22:   Output File: ../data/cluto-t8.8k/central/6.resultsDBSCAN/output-points-DBSCAN-cluto-t8.8k.csv
20/11/2017 Mon 17:35:22:   Map Matrix
20/11/2017 Mon 17:35:22:   -1, -1, 251
20/11/2017 Mon 17:35:22:   3, 0, 1112
20/11/2017 Mon 17:35:22:   0, 1, 1454
20/11/2017 Mon 17:35:22:   7, 3, 73
20/11/2017 Mon 17:35:22:   1, 4, 1393
20/11/2017 Mon 17:35:22:   2, 5, 1449
20/11/2017 Mon 17:35:22:   5, 5, 65
20/11/2017 Mon 17:35:22:   6, 6, 175
20/11/2017 Mon 17:35:22:   4, 7, 1556
20/11/2017 Mon 17:35:22:   8, 8, 19
20/11/2017 Mon 17:35:22:   9, 9, 43
20/11/2017 Mon 17:35:22:   10, 10, 31
20/11/2017 Mon 17:35:22:   11, 11, 25
20/11/2017 Mon 17:35:22:   12, 12, 15
20/11/2017 Mon 17:35:22:   13, 13, 17
20/11/2017 Mon 17:35:22:   Clusters...: 14
20/11/2017 Mon 17:35:41:   FM.........: 0.9478310938039572
20/11/2017 Mon 17:35:41:End of Script ------/
20/11/2017 Mon 17:36:13:/------ Begin of Script
20/11/2017 Mon 17:36:13:epsilon: 0.022 minPts: 14
20/11/2017 Mon 17:36:13:   Type.......: Point
20/11/2017 Mon 17:36:13:   Input File.: ../data/cluto-t8.8k/central/2.deviceConsolidation/points-cluto-t8.8k.csv
20/11/2017 Mon 17:36:13:   Output File: ../data/cluto-t8.8k/central/6.resultsDBSCAN/output-points-DBSCAN-cluto-t8.8k.csv
20/11/2017 Mon 17:36:13:   Map Matrix
20/11/2017 Mon 17:36:13:   -1, -1, 269
20/11/2017 Mon 17:36:13:   3, 0, 1107
20/11/2017 Mon 17:36:13:   0, 1, 1454
20/11/2017 Mon 17:36:13:   6, 3, 42
20/11/2017 Mon 17:36:13:   1, 4, 1392
20/11/2017 Mon 17:36:13:   2, 5, 1444
20/11/2017 Mon 17:36:13:   5, 6, 175
20/11/2017 Mon 17:36:13:   4, 7, 1556
20/11/2017 Mon 17:36:13:   7, 7, 19
20/11/2017 Mon 17:36:13:   8, 8, 30
20/11/2017 Mon 17:36:13:   9, 9, 18
20/11/2017 Mon 17:36:13:   10, 10, 15
20/11/2017 Mon 17:36:13:   11, 11, 33
20/11/2017 Mon 17:36:13:   12, 12, 14
20/11/2017 Mon 17:36:13:   Clusters...: 13
20/11/2017 Mon 17:36:39:   FM.........: 0.9525973461539898
20/11/2017 Mon 17:36:39:End of Script ------/
20/11/2017 Mon 17:37:09:/------ Begin of Script
20/11/2017 Mon 17:37:09:epsilon: 0.0215 minPts: 14
20/11/2017 Mon 17:37:09:   Type.......: Point
20/11/2017 Mon 17:37:09:   Input File.: ../data/cluto-t8.8k/central/2.deviceConsolidation/points-cluto-t8.8k.csv
20/11/2017 Mon 17:37:09:   Output File: ../data/cluto-t8.8k/central/6.resultsDBSCAN/output-points-DBSCAN-cluto-t8.8k.csv
20/11/2017 Mon 17:37:09:   Map Matrix
20/11/2017 Mon 17:37:09:   -1, -1, 274
20/11/2017 Mon 17:37:09:   3, 0, 1107
20/11/2017 Mon 17:37:09:   0, 1, 1454
20/11/2017 Mon 17:37:09:   6, 3, 42
20/11/2017 Mon 17:37:09:   1, 4, 1392
20/11/2017 Mon 17:37:09:   2, 5, 1430
20/11/2017 Mon 17:37:09:   5, 6, 175
20/11/2017 Mon 17:37:09:   4, 7, 1556
20/11/2017 Mon 17:37:09:   7, 7, 30
20/11/2017 Mon 17:37:09:   8, 8, 20
20/11/2017 Mon 17:37:09:   9, 9, 15
20/11/2017 Mon 17:37:09:   10, 10, 15
20/11/2017 Mon 17:37:09:   11, 11, 30
20/11/2017 Mon 17:37:09:   Clusters...: 12
20/11/2017 Mon 17:37:35:   FM.........: 0.9491023187395385
20/11/2017 Mon 17:37:35:End of Script ------/
20/11/2017 Mon 17:37:43:/------ Begin of Script
20/11/2017 Mon 17:37:43:epsilon: 0.0218 minPts: 14
20/11/2017 Mon 17:37:43:   Type.......: Point
20/11/2017 Mon 17:37:43:   Input File.: ../data/cluto-t8.8k/central/2.deviceConsolidation/points-cluto-t8.8k.csv
20/11/2017 Mon 17:37:43:   Output File: ../data/cluto-t8.8k/central/6.resultsDBSCAN/output-points-DBSCAN-cluto-t8.8k.csv
20/11/2017 Mon 17:37:43:   Map Matrix
20/11/2017 Mon 17:37:43:   -1, -1, 272
20/11/2017 Mon 17:37:43:   3, 0, 1107
20/11/2017 Mon 17:37:43:   0, 1, 1454
20/11/2017 Mon 17:37:43:   6, 3, 42
20/11/2017 Mon 17:37:43:   1, 4, 1392
20/11/2017 Mon 17:37:43:   2, 5, 1438
20/11/2017 Mon 17:37:43:   5, 6, 175
20/11/2017 Mon 17:37:43:   4, 7, 1556
20/11/2017 Mon 17:37:43:   7, 7, 30
20/11/2017 Mon 17:37:43:   8, 8, 22
20/11/2017 Mon 17:37:43:   9, 9, 15
20/11/2017 Mon 17:37:43:   10, 10, 14
20/11/2017 Mon 17:37:43:   11, 11, 33
20/11/2017 Mon 17:37:44:   Clusters...: 12
20/11/2017 Mon 17:38:07:   FM.........: 0.9503841632957286
20/11/2017 Mon 17:38:07:End of Script ------/
21/11/2017 Tue 11:59:23:/------ Begin of Script
21/11/2017 Tue 11:59:23:epsilon: 0.0218 minPts: 14
21/11/2017 Tue 11:59:23:   Type.......: Point
21/11/2017 Tue 11:59:23:   Input File.: ../data/cluto-t8.8k/central/2.deviceConsolidation/points-cluto-t8.8k.csv
21/11/2017 Tue 11:59:23:   Output File: ../data/cluto-t8.8k/central/6.resultsDBSCAN/output-points-DBSCAN-cluto-t8.8k.csv
21/11/2017 Tue 11:59:23:   Map Matrix
21/11/2017 Tue 11:59:23:   -1, -1, 272
21/11/2017 Tue 11:59:23:   3, 0, 1107
21/11/2017 Tue 11:59:23:   0, 1, 1454
21/11/2017 Tue 11:59:23:   6, 3, 42
21/11/2017 Tue 11:59:23:   1, 4, 1392
21/11/2017 Tue 11:59:23:   2, 5, 1438
21/11/2017 Tue 11:59:23:   5, 6, 175
21/11/2017 Tue 11:59:23:   4, 7, 1556
21/11/2017 Tue 11:59:23:   7, 7, 30
21/11/2017 Tue 11:59:23:   8, 8, 22
21/11/2017 Tue 11:59:23:   9, 9, 15
21/11/2017 Tue 11:59:23:   10, 10, 14
21/11/2017 Tue 11:59:23:   11, 11, 33
21/11/2017 Tue 11:59:23:   Clusters...: 12
21/11/2017 Tue 12:00:25:   FM.........: 0.9503841632957286
21/11/2017 Tue 12:00:25:End of Script ------/
21/11/2017 Tue 12:01:02:/------ Begin of Script
21/11/2017 Tue 12:01:02:epsilon: 0.0245 minPts: 10
21/11/2017 Tue 12:01:02:   Type.......: Cell
21/11/2017 Tue 12:01:02:   Input File.: ../data/cluto-t8.8k/central/4.mapClusterOutput/expanded-points-cluto-t8.8k.csv
21/11/2017 Tue 12:01:02:   Output File: ../data/cluto-t8.8k/central/6.resultsDBSCAN/output-cells-DBSCAN-cluto-t8.8k.csv
21/11/2017 Tue 12:01:02:   Map Matrix
21/11/2017 Tue 12:01:02:   -1, -1, 246
21/11/2017 Tue 12:01:02:   4, 0, 1082
21/11/2017 Tue 12:01:02:   0, 1, 1454
21/11/2017 Tue 12:01:02:   2, 2, 130
21/11/2017 Tue 12:01:02:   6, 3, 230
21/11/2017 Tue 12:01:02:   1, 4, 1261
21/11/2017 Tue 12:01:02:   3, 5, 1446
21/11/2017 Tue 12:01:02:   7, 6, 175
21/11/2017 Tue 12:01:02:   5, 7, 1557
21/11/2017 Tue 12:01:02:   8, 8, 29
21/11/2017 Tue 12:01:02:   9, 9, 1
21/11/2017 Tue 12:01:02:   10, 10, 7
21/11/2017 Tue 12:01:02:   Clusters...: 11
21/11/2017 Tue 12:02:24:   FM.........: 0.9288121727349381
21/11/2017 Tue 12:02:24:End of Script ------/
